[ERROR] 2019-05-22 19:39:26 [main] c.alibaba.druid.pool.DruidDataSource - init datasource error, url: jdbc:mysql://localhost:3306/blogdb?useUnicode=true&characterEncoding=utf8
com.mysql.jdbc.exceptions.jdbc4.CommunicationsException: Communications link failure

The last packet sent successfully to the server was 0 milliseconds ago. The driver has not received any packets from the server.
	at sun.reflect.NativeConstructorAccessorImpl.newInstance0(Native Method) ~[na:1.8.0_172]
	at sun.reflect.NativeConstructorAccessorImpl.newInstance(NativeConstructorAccessorImpl.java:62) ~[na:1.8.0_172]
	at sun.reflect.DelegatingConstructorAccessorImpl.newInstance(DelegatingConstructorAccessorImpl.java:45) ~[na:1.8.0_172]
	at java.lang.reflect.Constructor.newInstance(Constructor.java:423) ~[na:1.8.0_172]
	at com.mysql.jdbc.Util.handleNewInstance(Util.java:389) ~[mysql-connector-java-5.1.35.jar:5.1.35]
	at com.mysql.jdbc.SQLError.createCommunicationsException(SQLError.java:1038) ~[mysql-connector-java-5.1.35.jar:5.1.35]
	at com.mysql.jdbc.MysqlIO.<init>(MysqlIO.java:338) ~[mysql-connector-java-5.1.35.jar:5.1.35]
	at com.mysql.jdbc.ConnectionImpl.coreConnect(ConnectionImpl.java:2237) ~[mysql-connector-java-5.1.35.jar:5.1.35]
	at com.mysql.jdbc.ConnectionImpl.connectOneTryOnly(ConnectionImpl.java:2270) ~[mysql-connector-java-5.1.35.jar:5.1.35]
	at com.mysql.jdbc.ConnectionImpl.createNewIO(ConnectionImpl.java:2069) ~[mysql-connector-java-5.1.35.jar:5.1.35]
	at com.mysql.jdbc.ConnectionImpl.<init>(ConnectionImpl.java:794) ~[mysql-connector-java-5.1.35.jar:5.1.35]
	at com.mysql.jdbc.JDBC4Connection.<init>(JDBC4Connection.java:44) ~[mysql-connector-java-5.1.35.jar:5.1.35]
	at sun.reflect.NativeConstructorAccessorImpl.newInstance0(Native Method) ~[na:1.8.0_172]
	at sun.reflect.NativeConstructorAccessorImpl.newInstance(NativeConstructorAccessorImpl.java:62) ~[na:1.8.0_172]
	at sun.reflect.DelegatingConstructorAccessorImpl.newInstance(DelegatingConstructorAccessorImpl.java:45) ~[na:1.8.0_172]
	at java.lang.reflect.Constructor.newInstance(Constructor.java:423) ~[na:1.8.0_172]
	at com.mysql.jdbc.Util.handleNewInstance(Util.java:389) ~[mysql-connector-java-5.1.35.jar:5.1.35]
	at com.mysql.jdbc.ConnectionImpl.getInstance(ConnectionImpl.java:399) ~[mysql-connector-java-5.1.35.jar:5.1.35]
	at com.mysql.jdbc.NonRegisteringDriver.connect(NonRegisteringDriver.java:325) ~[mysql-connector-java-5.1.35.jar:5.1.35]
	at com.alibaba.druid.filter.FilterChainImpl.connection_connect(FilterChainImpl.java:149) ~[druid-1.1.9.jar:1.1.9]
	at com.alibaba.druid.filter.stat.StatFilter.connection_connect(StatFilter.java:218) ~[druid-1.1.9.jar:1.1.9]
	at com.alibaba.druid.filter.FilterChainImpl.connection_connect(FilterChainImpl.java:143) ~[druid-1.1.9.jar:1.1.9]
	at com.alibaba.druid.filter.FilterAdapter.connection_connect(FilterAdapter.java:786) ~[druid-1.1.9.jar:1.1.9]
	at com.alibaba.druid.filter.FilterChainImpl.connection_connect(FilterChainImpl.java:143) ~[druid-1.1.9.jar:1.1.9]
	at com.alibaba.druid.pool.DruidAbstractDataSource.createPhysicalConnection(DruidAbstractDataSource.java:1515) ~[druid-1.1.9.jar:1.1.9]
	at com.alibaba.druid.pool.DruidAbstractDataSource.createPhysicalConnection(DruidAbstractDataSource.java:1578) ~[druid-1.1.9.jar:1.1.9]
	at com.alibaba.druid.pool.DruidDataSource.init(DruidDataSource.java:859) ~[druid-1.1.9.jar:1.1.9]
	at sun.reflect.NativeMethodAccessorImpl.invoke0(Native Method) ~[na:1.8.0_172]
	at sun.reflect.NativeMethodAccessorImpl.invoke(NativeMethodAccessorImpl.java:62) ~[na:1.8.0_172]
	at sun.reflect.DelegatingMethodAccessorImpl.invoke(DelegatingMethodAccessorImpl.java:43) ~[na:1.8.0_172]
	at java.lang.reflect.Method.invoke(Method.java:498) ~[na:1.8.0_172]
	at org.springframework.beans.factory.support.AbstractAutowireCapableBeanFactory.invokeCustomInitMethod(AbstractAutowireCapableBeanFactory.java:1681) [spring-beans-4.0.5.RELEASE.jar:4.0.5.RELEASE]
	at org.springframework.beans.factory.support.AbstractAutowireCapableBeanFactory.invokeInitMethods(AbstractAutowireCapableBeanFactory.java:1620) [spring-beans-4.0.5.RELEASE.jar:4.0.5.RELEASE]
	at org.springframework.beans.factory.support.AbstractAutowireCapableBeanFactory.initializeBean(AbstractAutowireCapableBeanFactory.java:1549) [spring-beans-4.0.5.RELEASE.jar:4.0.5.RELEASE]
	at org.springframework.beans.factory.support.AbstractAutowireCapableBeanFactory.doCreateBean(AbstractAutowireCapableBeanFactory.java:539) [spring-beans-4.0.5.RELEASE.jar:4.0.5.RELEASE]
	at org.springframework.beans.factory.support.AbstractAutowireCapableBeanFactory.createBean(AbstractAutowireCapableBeanFactory.java:475) [spring-beans-4.0.5.RELEASE.jar:4.0.5.RELEASE]
	at org.springframework.beans.factory.support.AbstractBeanFactory$1.getObject(AbstractBeanFactory.java:304) [spring-beans-4.0.5.RELEASE.jar:4.0.5.RELEASE]
	at org.springframework.beans.factory.support.DefaultSingletonBeanRegistry.getSingleton(DefaultSingletonBeanRegistry.java:228) [spring-beans-4.0.5.RELEASE.jar:4.0.5.RELEASE]
	at org.springframework.beans.factory.support.AbstractBeanFactory.doGetBean(AbstractBeanFactory.java:300) [spring-beans-4.0.5.RELEASE.jar:4.0.5.RELEASE]
	at org.springframework.beans.factory.support.AbstractBeanFactory.getBean(AbstractBeanFactory.java:195) [spring-beans-4.0.5.RELEASE.jar:4.0.5.RELEASE]
	at org.springframework.beans.factory.support.DefaultListableBeanFactory.preInstantiateSingletons(DefaultListableBeanFactory.java:703) [spring-beans-4.0.5.RELEASE.jar:4.0.5.RELEASE]
	at org.springframework.context.support.AbstractApplicationContext.finishBeanFactoryInitialization(AbstractApplicationContext.java:760) [spring-context-4.0.5.RELEASE.jar:4.0.5.RELEASE]
	at org.springframework.context.support.AbstractApplicationContext.refresh(AbstractApplicationContext.java:482) [spring-context-4.0.5.RELEASE.jar:4.0.5.RELEASE]
	at org.springframework.web.context.ContextLoader.configureAndRefreshWebApplicationContext(ContextLoader.java:403) [spring-web-4.0.5.RELEASE.jar:4.0.5.RELEASE]
	at org.springframework.web.context.ContextLoader.initWebApplicationContext(ContextLoader.java:306) [spring-web-4.0.5.RELEASE.jar:4.0.5.RELEASE]
	at org.springframework.web.context.ContextLoaderListener.contextInitialized(ContextLoaderListener.java:106) [spring-web-4.0.5.RELEASE.jar:4.0.5.RELEASE]
	at org.eclipse.jetty.server.handler.ContextHandler.callContextInitialized(ContextHandler.java:782) [jetty-server-8.1.16.v20140903.jar:8.1.16.v20140903]
	at org.eclipse.jetty.servlet.ServletContextHandler.callContextInitialized(ServletContextHandler.java:424) [jetty-servlet-8.1.16.v20140903.jar:8.1.16.v20140903]
	at org.eclipse.jetty.server.handler.ContextHandler.startContext(ContextHandler.java:774) [jetty-server-8.1.16.v20140903.jar:8.1.16.v20140903]
	at org.eclipse.jetty.servlet.ServletContextHandler.startContext(ServletContextHandler.java:249) [jetty-servlet-8.1.16.v20140903.jar:8.1.16.v20140903]
	at org.eclipse.jetty.webapp.WebAppContext.startContext(WebAppContext.java:1242) [jetty-webapp-8.1.16.v20140903.jar:8.1.16.v20140903]
	at org.eclipse.jetty.server.handler.ContextHandler.doStart(ContextHandler.java:717) [jetty-server-8.1.16.v20140903.jar:8.1.16.v20140903]
	at org.eclipse.jetty.webapp.WebAppContext.doStart(WebAppContext.java:494) [jetty-webapp-8.1.16.v20140903.jar:8.1.16.v20140903]
	at org.mortbay.jetty.plugin.JettyWebAppContext.doStart(JettyWebAppContext.java:298) [jetty-maven-plugin-8.1.16.v20140903.jar:8.1.16.v20140903]
	at org.eclipse.jetty.util.component.AbstractLifeCycle.start(AbstractLifeCycle.java:64) [jetty-util-8.1.16.v20140903.jar:8.1.16.v20140903]
	at org.eclipse.jetty.server.handler.HandlerCollection.doStart(HandlerCollection.java:229) [jetty-server-8.1.16.v20140903.jar:8.1.16.v20140903]
	at org.eclipse.jetty.server.handler.ContextHandlerCollection.doStart(ContextHandlerCollection.java:172) [jetty-server-8.1.16.v20140903.jar:8.1.16.v20140903]
	at org.eclipse.jetty.util.component.AbstractLifeCycle.start(AbstractLifeCycle.java:64) [jetty-util-8.1.16.v20140903.jar:8.1.16.v20140903]
	at org.eclipse.jetty.server.handler.HandlerCollection.doStart(HandlerCollection.java:229) [jetty-server-8.1.16.v20140903.jar:8.1.16.v20140903]
	at org.eclipse.jetty.util.component.AbstractLifeCycle.start(AbstractLifeCycle.java:64) [jetty-util-8.1.16.v20140903.jar:8.1.16.v20140903]
	at org.eclipse.jetty.server.handler.HandlerWrapper.doStart(HandlerWrapper.java:95) [jetty-server-8.1.16.v20140903.jar:8.1.16.v20140903]
	at org.eclipse.jetty.server.Server.doStart(Server.java:282) [jetty-server-8.1.16.v20140903.jar:8.1.16.v20140903]
	at org.mortbay.jetty.plugin.JettyServer.doStart(JettyServer.java:65) [jetty-maven-plugin-8.1.16.v20140903.jar:8.1.16.v20140903]
	at org.eclipse.jetty.util.component.AbstractLifeCycle.start(AbstractLifeCycle.java:64) [jetty-util-8.1.16.v20140903.jar:8.1.16.v20140903]
	at org.mortbay.jetty.plugin.AbstractJettyMojo.startJetty(AbstractJettyMojo.java:520) [jetty-maven-plugin-8.1.16.v20140903.jar:8.1.16.v20140903]
	at org.mortbay.jetty.plugin.AbstractJettyMojo.execute(AbstractJettyMojo.java:365) [jetty-maven-plugin-8.1.16.v20140903.jar:8.1.16.v20140903]
	at org.mortbay.jetty.plugin.JettyRunMojo.execute(JettyRunMojo.java:523) [jetty-maven-plugin-8.1.16.v20140903.jar:8.1.16.v20140903]
	at org.apache.maven.plugin.DefaultBuildPluginManager.executeMojo(DefaultBuildPluginManager.java:134) [maven-core-3.3.9.jar:3.3.9]
	at org.apache.maven.lifecycle.internal.MojoExecutor.execute(MojoExecutor.java:207) [maven-core-3.3.9.jar:3.3.9]
	at org.apache.maven.lifecycle.internal.MojoExecutor.execute(MojoExecutor.java:153) [maven-core-3.3.9.jar:3.3.9]
	at org.apache.maven.lifecycle.internal.MojoExecutor.execute(MojoExecutor.java:145) [maven-core-3.3.9.jar:3.3.9]
	at org.apache.maven.lifecycle.internal.LifecycleModuleBuilder.buildProject(LifecycleModuleBuilder.java:116) [maven-core-3.3.9.jar:3.3.9]
	at org.apache.maven.lifecycle.internal.LifecycleModuleBuilder.buildProject(LifecycleModuleBuilder.java:80) [maven-core-3.3.9.jar:3.3.9]
	at org.apache.maven.lifecycle.internal.builder.singlethreaded.SingleThreadedBuilder.build(SingleThreadedBuilder.java:51) [maven-core-3.3.9.jar:3.3.9]
	at org.apache.maven.lifecycle.internal.LifecycleStarter.execute(LifecycleStarter.java:128) [maven-core-3.3.9.jar:3.3.9]
	at org.apache.maven.DefaultMaven.doExecute(DefaultMaven.java:307) [maven-core-3.3.9.jar:3.3.9]
	at org.apache.maven.DefaultMaven.doExecute(DefaultMaven.java:193) [maven-core-3.3.9.jar:3.3.9]
	at org.apache.maven.DefaultMaven.execute(DefaultMaven.java:106) [maven-core-3.3.9.jar:3.3.9]
	at org.apache.maven.cli.MavenCli.execute(MavenCli.java:863) [maven-embedder-3.3.9.jar:3.3.9]
	at org.apache.maven.cli.MavenCli.doMain(MavenCli.java:288) [maven-embedder-3.3.9.jar:3.3.9]
	at org.apache.maven.cli.MavenCli.main(MavenCli.java:199) [maven-embedder-3.3.9.jar:3.3.9]
	at sun.reflect.NativeMethodAccessorImpl.invoke0(Native Method) ~[na:1.8.0_172]
	at sun.reflect.NativeMethodAccessorImpl.invoke(NativeMethodAccessorImpl.java:62) ~[na:1.8.0_172]
	at sun.reflect.DelegatingMethodAccessorImpl.invoke(DelegatingMethodAccessorImpl.java:43) ~[na:1.8.0_172]
	at java.lang.reflect.Method.invoke(Method.java:498) ~[na:1.8.0_172]
	at org.codehaus.plexus.classworlds.launcher.Launcher.launchEnhanced(Launcher.java:289) [plexus-classworlds-2.5.2.jar:na]
	at org.codehaus.plexus.classworlds.launcher.Launcher.launch(Launcher.java:229) [plexus-classworlds-2.5.2.jar:na]
	at org.codehaus.plexus.classworlds.launcher.Launcher.mainWithExitCode(Launcher.java:415) [plexus-classworlds-2.5.2.jar:na]
	at org.codehaus.plexus.classworlds.launcher.Launcher.main(Launcher.java:356) [plexus-classworlds-2.5.2.jar:na]
	at org.codehaus.classworlds.Launcher.main(Launcher.java:47) [plexus-classworlds-2.5.2.jar:na]
Caused by: java.net.ConnectException: Connection refused: connect
	at java.net.DualStackPlainSocketImpl.connect0(Native Method) ~[na:1.8.0_172]
	at java.net.DualStackPlainSocketImpl.socketConnect(DualStackPlainSocketImpl.java:79) ~[na:1.8.0_172]
	at java.net.AbstractPlainSocketImpl.doConnect(AbstractPlainSocketImpl.java:350) ~[na:1.8.0_172]
	at java.net.AbstractPlainSocketImpl.connectToAddress(AbstractPlainSocketImpl.java:206) ~[na:1.8.0_172]
	at java.net.AbstractPlainSocketImpl.connect(AbstractPlainSocketImpl.java:188) ~[na:1.8.0_172]
	at java.net.PlainSocketImpl.connect(PlainSocketImpl.java:172) ~[na:1.8.0_172]
	at java.net.SocksSocketImpl.connect(SocksSocketImpl.java:392) ~[na:1.8.0_172]
	at java.net.Socket.connect(Socket.java:589) ~[na:1.8.0_172]
	at com.mysql.jdbc.StandardSocketFactory.connect(StandardSocketFactory.java:213) ~[mysql-connector-java-5.1.35.jar:5.1.35]
	at com.mysql.jdbc.MysqlIO.<init>(MysqlIO.java:297) ~[mysql-connector-java-5.1.35.jar:5.1.35]
	... 83 common frames omitted
[ERROR] 2019-05-22 19:39:26 [main] c.alibaba.druid.pool.DruidDataSource - {dataSource-1} init error
com.mysql.jdbc.exceptions.jdbc4.CommunicationsException: Communications link failure

The last packet sent successfully to the server was 0 milliseconds ago. The driver has not received any packets from the server.
	at sun.reflect.NativeConstructorAccessorImpl.newInstance0(Native Method) ~[na:1.8.0_172]
	at sun.reflect.NativeConstructorAccessorImpl.newInstance(NativeConstructorAccessorImpl.java:62) ~[na:1.8.0_172]
	at sun.reflect.DelegatingConstructorAccessorImpl.newInstance(DelegatingConstructorAccessorImpl.java:45) ~[na:1.8.0_172]
	at java.lang.reflect.Constructor.newInstance(Constructor.java:423) ~[na:1.8.0_172]
	at com.mysql.jdbc.Util.handleNewInstance(Util.java:389) ~[mysql-connector-java-5.1.35.jar:5.1.35]
	at com.mysql.jdbc.SQLError.createCommunicationsException(SQLError.java:1038) ~[mysql-connector-java-5.1.35.jar:5.1.35]
	at com.mysql.jdbc.MysqlIO.<init>(MysqlIO.java:338) ~[mysql-connector-java-5.1.35.jar:5.1.35]
	at com.mysql.jdbc.ConnectionImpl.coreConnect(ConnectionImpl.java:2237) ~[mysql-connector-java-5.1.35.jar:5.1.35]
	at com.mysql.jdbc.ConnectionImpl.connectOneTryOnly(ConnectionImpl.java:2270) ~[mysql-connector-java-5.1.35.jar:5.1.35]
	at com.mysql.jdbc.ConnectionImpl.createNewIO(ConnectionImpl.java:2069) ~[mysql-connector-java-5.1.35.jar:5.1.35]
	at com.mysql.jdbc.ConnectionImpl.<init>(ConnectionImpl.java:794) ~[mysql-connector-java-5.1.35.jar:5.1.35]
	at com.mysql.jdbc.JDBC4Connection.<init>(JDBC4Connection.java:44) ~[mysql-connector-java-5.1.35.jar:5.1.35]
	at sun.reflect.NativeConstructorAccessorImpl.newInstance0(Native Method) ~[na:1.8.0_172]
	at sun.reflect.NativeConstructorAccessorImpl.newInstance(NativeConstructorAccessorImpl.java:62) ~[na:1.8.0_172]
	at sun.reflect.DelegatingConstructorAccessorImpl.newInstance(DelegatingConstructorAccessorImpl.java:45) ~[na:1.8.0_172]
	at java.lang.reflect.Constructor.newInstance(Constructor.java:423) ~[na:1.8.0_172]
	at com.mysql.jdbc.Util.handleNewInstance(Util.java:389) ~[mysql-connector-java-5.1.35.jar:5.1.35]
	at com.mysql.jdbc.ConnectionImpl.getInstance(ConnectionImpl.java:399) ~[mysql-connector-java-5.1.35.jar:5.1.35]
	at com.mysql.jdbc.NonRegisteringDriver.connect(NonRegisteringDriver.java:325) ~[mysql-connector-java-5.1.35.jar:5.1.35]
	at com.alibaba.druid.filter.FilterChainImpl.connection_connect(FilterChainImpl.java:149) ~[druid-1.1.9.jar:1.1.9]
	at com.alibaba.druid.filter.stat.StatFilter.connection_connect(StatFilter.java:218) ~[druid-1.1.9.jar:1.1.9]
	at com.alibaba.druid.filter.FilterChainImpl.connection_connect(FilterChainImpl.java:143) ~[druid-1.1.9.jar:1.1.9]
	at com.alibaba.druid.filter.FilterAdapter.connection_connect(FilterAdapter.java:786) ~[druid-1.1.9.jar:1.1.9]
	at com.alibaba.druid.filter.FilterChainImpl.connection_connect(FilterChainImpl.java:143) ~[druid-1.1.9.jar:1.1.9]
	at com.alibaba.druid.pool.DruidAbstractDataSource.createPhysicalConnection(DruidAbstractDataSource.java:1515) ~[druid-1.1.9.jar:1.1.9]
	at com.alibaba.druid.pool.DruidAbstractDataSource.createPhysicalConnection(DruidAbstractDataSource.java:1578) ~[druid-1.1.9.jar:1.1.9]
	at com.alibaba.druid.pool.DruidDataSource.init(DruidDataSource.java:859) ~[druid-1.1.9.jar:1.1.9]
	at sun.reflect.NativeMethodAccessorImpl.invoke0(Native Method) ~[na:1.8.0_172]
	at sun.reflect.NativeMethodAccessorImpl.invoke(NativeMethodAccessorImpl.java:62) ~[na:1.8.0_172]
	at sun.reflect.DelegatingMethodAccessorImpl.invoke(DelegatingMethodAccessorImpl.java:43) ~[na:1.8.0_172]
	at java.lang.reflect.Method.invoke(Method.java:498) ~[na:1.8.0_172]
	at org.springframework.beans.factory.support.AbstractAutowireCapableBeanFactory.invokeCustomInitMethod(AbstractAutowireCapableBeanFactory.java:1681) [spring-beans-4.0.5.RELEASE.jar:4.0.5.RELEASE]
	at org.springframework.beans.factory.support.AbstractAutowireCapableBeanFactory.invokeInitMethods(AbstractAutowireCapableBeanFactory.java:1620) [spring-beans-4.0.5.RELEASE.jar:4.0.5.RELEASE]
	at org.springframework.beans.factory.support.AbstractAutowireCapableBeanFactory.initializeBean(AbstractAutowireCapableBeanFactory.java:1549) [spring-beans-4.0.5.RELEASE.jar:4.0.5.RELEASE]
	at org.springframework.beans.factory.support.AbstractAutowireCapableBeanFactory.doCreateBean(AbstractAutowireCapableBeanFactory.java:539) [spring-beans-4.0.5.RELEASE.jar:4.0.5.RELEASE]
	at org.springframework.beans.factory.support.AbstractAutowireCapableBeanFactory.createBean(AbstractAutowireCapableBeanFactory.java:475) [spring-beans-4.0.5.RELEASE.jar:4.0.5.RELEASE]
	at org.springframework.beans.factory.support.AbstractBeanFactory$1.getObject(AbstractBeanFactory.java:304) [spring-beans-4.0.5.RELEASE.jar:4.0.5.RELEASE]
	at org.springframework.beans.factory.support.DefaultSingletonBeanRegistry.getSingleton(DefaultSingletonBeanRegistry.java:228) [spring-beans-4.0.5.RELEASE.jar:4.0.5.RELEASE]
	at org.springframework.beans.factory.support.AbstractBeanFactory.doGetBean(AbstractBeanFactory.java:300) [spring-beans-4.0.5.RELEASE.jar:4.0.5.RELEASE]
	at org.springframework.beans.factory.support.AbstractBeanFactory.getBean(AbstractBeanFactory.java:195) [spring-beans-4.0.5.RELEASE.jar:4.0.5.RELEASE]
	at org.springframework.beans.factory.support.DefaultListableBeanFactory.preInstantiateSingletons(DefaultListableBeanFactory.java:703) [spring-beans-4.0.5.RELEASE.jar:4.0.5.RELEASE]
	at org.springframework.context.support.AbstractApplicationContext.finishBeanFactoryInitialization(AbstractApplicationContext.java:760) [spring-context-4.0.5.RELEASE.jar:4.0.5.RELEASE]
	at org.springframework.context.support.AbstractApplicationContext.refresh(AbstractApplicationContext.java:482) [spring-context-4.0.5.RELEASE.jar:4.0.5.RELEASE]
	at org.springframework.web.context.ContextLoader.configureAndRefreshWebApplicationContext(ContextLoader.java:403) [spring-web-4.0.5.RELEASE.jar:4.0.5.RELEASE]
	at org.springframework.web.context.ContextLoader.initWebApplicationContext(ContextLoader.java:306) [spring-web-4.0.5.RELEASE.jar:4.0.5.RELEASE]
	at org.springframework.web.context.ContextLoaderListener.contextInitialized(ContextLoaderListener.java:106) [spring-web-4.0.5.RELEASE.jar:4.0.5.RELEASE]
	at org.eclipse.jetty.server.handler.ContextHandler.callContextInitialized(ContextHandler.java:782) [jetty-server-8.1.16.v20140903.jar:8.1.16.v20140903]
	at org.eclipse.jetty.servlet.ServletContextHandler.callContextInitialized(ServletContextHandler.java:424) [jetty-servlet-8.1.16.v20140903.jar:8.1.16.v20140903]
	at org.eclipse.jetty.server.handler.ContextHandler.startContext(ContextHandler.java:774) [jetty-server-8.1.16.v20140903.jar:8.1.16.v20140903]
	at org.eclipse.jetty.servlet.ServletContextHandler.startContext(ServletContextHandler.java:249) [jetty-servlet-8.1.16.v20140903.jar:8.1.16.v20140903]
	at org.eclipse.jetty.webapp.WebAppContext.startContext(WebAppContext.java:1242) [jetty-webapp-8.1.16.v20140903.jar:8.1.16.v20140903]
	at org.eclipse.jetty.server.handler.ContextHandler.doStart(ContextHandler.java:717) [jetty-server-8.1.16.v20140903.jar:8.1.16.v20140903]
	at org.eclipse.jetty.webapp.WebAppContext.doStart(WebAppContext.java:494) [jetty-webapp-8.1.16.v20140903.jar:8.1.16.v20140903]
	at org.mortbay.jetty.plugin.JettyWebAppContext.doStart(JettyWebAppContext.java:298) [jetty-maven-plugin-8.1.16.v20140903.jar:8.1.16.v20140903]
	at org.eclipse.jetty.util.component.AbstractLifeCycle.start(AbstractLifeCycle.java:64) [jetty-util-8.1.16.v20140903.jar:8.1.16.v20140903]
	at org.eclipse.jetty.server.handler.HandlerCollection.doStart(HandlerCollection.java:229) [jetty-server-8.1.16.v20140903.jar:8.1.16.v20140903]
	at org.eclipse.jetty.server.handler.ContextHandlerCollection.doStart(ContextHandlerCollection.java:172) [jetty-server-8.1.16.v20140903.jar:8.1.16.v20140903]
	at org.eclipse.jetty.util.component.AbstractLifeCycle.start(AbstractLifeCycle.java:64) [jetty-util-8.1.16.v20140903.jar:8.1.16.v20140903]
	at org.eclipse.jetty.server.handler.HandlerCollection.doStart(HandlerCollection.java:229) [jetty-server-8.1.16.v20140903.jar:8.1.16.v20140903]
	at org.eclipse.jetty.util.component.AbstractLifeCycle.start(AbstractLifeCycle.java:64) [jetty-util-8.1.16.v20140903.jar:8.1.16.v20140903]
	at org.eclipse.jetty.server.handler.HandlerWrapper.doStart(HandlerWrapper.java:95) [jetty-server-8.1.16.v20140903.jar:8.1.16.v20140903]
	at org.eclipse.jetty.server.Server.doStart(Server.java:282) [jetty-server-8.1.16.v20140903.jar:8.1.16.v20140903]
	at org.mortbay.jetty.plugin.JettyServer.doStart(JettyServer.java:65) [jetty-maven-plugin-8.1.16.v20140903.jar:8.1.16.v20140903]
	at org.eclipse.jetty.util.component.AbstractLifeCycle.start(AbstractLifeCycle.java:64) [jetty-util-8.1.16.v20140903.jar:8.1.16.v20140903]
	at org.mortbay.jetty.plugin.AbstractJettyMojo.startJetty(AbstractJettyMojo.java:520) [jetty-maven-plugin-8.1.16.v20140903.jar:8.1.16.v20140903]
	at org.mortbay.jetty.plugin.AbstractJettyMojo.execute(AbstractJettyMojo.java:365) [jetty-maven-plugin-8.1.16.v20140903.jar:8.1.16.v20140903]
	at org.mortbay.jetty.plugin.JettyRunMojo.execute(JettyRunMojo.java:523) [jetty-maven-plugin-8.1.16.v20140903.jar:8.1.16.v20140903]
	at org.apache.maven.plugin.DefaultBuildPluginManager.executeMojo(DefaultBuildPluginManager.java:134) [maven-core-3.3.9.jar:3.3.9]
	at org.apache.maven.lifecycle.internal.MojoExecutor.execute(MojoExecutor.java:207) [maven-core-3.3.9.jar:3.3.9]
	at org.apache.maven.lifecycle.internal.MojoExecutor.execute(MojoExecutor.java:153) [maven-core-3.3.9.jar:3.3.9]
	at org.apache.maven.lifecycle.internal.MojoExecutor.execute(MojoExecutor.java:145) [maven-core-3.3.9.jar:3.3.9]
	at org.apache.maven.lifecycle.internal.LifecycleModuleBuilder.buildProject(LifecycleModuleBuilder.java:116) [maven-core-3.3.9.jar:3.3.9]
	at org.apache.maven.lifecycle.internal.LifecycleModuleBuilder.buildProject(LifecycleModuleBuilder.java:80) [maven-core-3.3.9.jar:3.3.9]
	at org.apache.maven.lifecycle.internal.builder.singlethreaded.SingleThreadedBuilder.build(SingleThreadedBuilder.java:51) [maven-core-3.3.9.jar:3.3.9]
	at org.apache.maven.lifecycle.internal.LifecycleStarter.execute(LifecycleStarter.java:128) [maven-core-3.3.9.jar:3.3.9]
	at org.apache.maven.DefaultMaven.doExecute(DefaultMaven.java:307) [maven-core-3.3.9.jar:3.3.9]
	at org.apache.maven.DefaultMaven.doExecute(DefaultMaven.java:193) [maven-core-3.3.9.jar:3.3.9]
	at org.apache.maven.DefaultMaven.execute(DefaultMaven.java:106) [maven-core-3.3.9.jar:3.3.9]
	at org.apache.maven.cli.MavenCli.execute(MavenCli.java:863) [maven-embedder-3.3.9.jar:3.3.9]
	at org.apache.maven.cli.MavenCli.doMain(MavenCli.java:288) [maven-embedder-3.3.9.jar:3.3.9]
	at org.apache.maven.cli.MavenCli.main(MavenCli.java:199) [maven-embedder-3.3.9.jar:3.3.9]
	at sun.reflect.NativeMethodAccessorImpl.invoke0(Native Method) ~[na:1.8.0_172]
	at sun.reflect.NativeMethodAccessorImpl.invoke(NativeMethodAccessorImpl.java:62) ~[na:1.8.0_172]
	at sun.reflect.DelegatingMethodAccessorImpl.invoke(DelegatingMethodAccessorImpl.java:43) ~[na:1.8.0_172]
	at java.lang.reflect.Method.invoke(Method.java:498) ~[na:1.8.0_172]
	at org.codehaus.plexus.classworlds.launcher.Launcher.launchEnhanced(Launcher.java:289) [plexus-classworlds-2.5.2.jar:na]
	at org.codehaus.plexus.classworlds.launcher.Launcher.launch(Launcher.java:229) [plexus-classworlds-2.5.2.jar:na]
	at org.codehaus.plexus.classworlds.launcher.Launcher.mainWithExitCode(Launcher.java:415) [plexus-classworlds-2.5.2.jar:na]
	at org.codehaus.plexus.classworlds.launcher.Launcher.main(Launcher.java:356) [plexus-classworlds-2.5.2.jar:na]
	at org.codehaus.classworlds.Launcher.main(Launcher.java:47) [plexus-classworlds-2.5.2.jar:na]
Caused by: java.net.ConnectException: Connection refused: connect
	at java.net.DualStackPlainSocketImpl.connect0(Native Method) ~[na:1.8.0_172]
	at java.net.DualStackPlainSocketImpl.socketConnect(DualStackPlainSocketImpl.java:79) ~[na:1.8.0_172]
	at java.net.AbstractPlainSocketImpl.doConnect(AbstractPlainSocketImpl.java:350) ~[na:1.8.0_172]
	at java.net.AbstractPlainSocketImpl.connectToAddress(AbstractPlainSocketImpl.java:206) ~[na:1.8.0_172]
	at java.net.AbstractPlainSocketImpl.connect(AbstractPlainSocketImpl.java:188) ~[na:1.8.0_172]
	at java.net.PlainSocketImpl.connect(PlainSocketImpl.java:172) ~[na:1.8.0_172]
	at java.net.SocksSocketImpl.connect(SocksSocketImpl.java:392) ~[na:1.8.0_172]
	at java.net.Socket.connect(Socket.java:589) ~[na:1.8.0_172]
	at com.mysql.jdbc.StandardSocketFactory.connect(StandardSocketFactory.java:213) ~[mysql-connector-java-5.1.35.jar:5.1.35]
	at com.mysql.jdbc.MysqlIO.<init>(MysqlIO.java:297) ~[mysql-connector-java-5.1.35.jar:5.1.35]
	... 83 common frames omitted
[ERROR] 2019-05-22 19:39:26 [Druid-ConnectionPool-Create-1105683026] c.alibaba.druid.pool.DruidDataSource - create connection SQLException, url: jdbc:mysql://localhost:3306/blogdb?useUnicode=true&characterEncoding=utf8, errorCode 0, state 08S01
com.mysql.jdbc.exceptions.jdbc4.CommunicationsException: Communications link failure

The last packet sent successfully to the server was 0 milliseconds ago. The driver has not received any packets from the server.
	at sun.reflect.NativeConstructorAccessorImpl.newInstance0(Native Method) ~[na:1.8.0_172]
	at sun.reflect.NativeConstructorAccessorImpl.newInstance(NativeConstructorAccessorImpl.java:62) ~[na:1.8.0_172]
	at sun.reflect.DelegatingConstructorAccessorImpl.newInstance(DelegatingConstructorAccessorImpl.java:45) ~[na:1.8.0_172]
	at java.lang.reflect.Constructor.newInstance(Constructor.java:423) ~[na:1.8.0_172]
	at com.mysql.jdbc.Util.handleNewInstance(Util.java:389) ~[mysql-connector-java-5.1.35.jar:5.1.35]
	at com.mysql.jdbc.SQLError.createCommunicationsException(SQLError.java:1038) ~[mysql-connector-java-5.1.35.jar:5.1.35]
	at com.mysql.jdbc.MysqlIO.<init>(MysqlIO.java:338) ~[mysql-connector-java-5.1.35.jar:5.1.35]
	at com.mysql.jdbc.ConnectionImpl.coreConnect(ConnectionImpl.java:2237) ~[mysql-connector-java-5.1.35.jar:5.1.35]
	at com.mysql.jdbc.ConnectionImpl.connectOneTryOnly(ConnectionImpl.java:2270) ~[mysql-connector-java-5.1.35.jar:5.1.35]
	at com.mysql.jdbc.ConnectionImpl.createNewIO(ConnectionImpl.java:2069) ~[mysql-connector-java-5.1.35.jar:5.1.35]
	at com.mysql.jdbc.ConnectionImpl.<init>(ConnectionImpl.java:794) ~[mysql-connector-java-5.1.35.jar:5.1.35]
	at com.mysql.jdbc.JDBC4Connection.<init>(JDBC4Connection.java:44) ~[mysql-connector-java-5.1.35.jar:5.1.35]
	at sun.reflect.NativeConstructorAccessorImpl.newInstance0(Native Method) ~[na:1.8.0_172]
	at sun.reflect.NativeConstructorAccessorImpl.newInstance(NativeConstructorAccessorImpl.java:62) ~[na:1.8.0_172]
	at sun.reflect.DelegatingConstructorAccessorImpl.newInstance(DelegatingConstructorAccessorImpl.java:45) ~[na:1.8.0_172]
	at java.lang.reflect.Constructor.newInstance(Constructor.java:423) ~[na:1.8.0_172]
	at com.mysql.jdbc.Util.handleNewInstance(Util.java:389) ~[mysql-connector-java-5.1.35.jar:5.1.35]
	at com.mysql.jdbc.ConnectionImpl.getInstance(ConnectionImpl.java:399) ~[mysql-connector-java-5.1.35.jar:5.1.35]
	at com.mysql.jdbc.NonRegisteringDriver.connect(NonRegisteringDriver.java:325) ~[mysql-connector-java-5.1.35.jar:5.1.35]
	at com.alibaba.druid.filter.FilterChainImpl.connection_connect(FilterChainImpl.java:149) ~[druid-1.1.9.jar:1.1.9]
	at com.alibaba.druid.filter.stat.StatFilter.connection_connect(StatFilter.java:218) ~[druid-1.1.9.jar:1.1.9]
	at com.alibaba.druid.filter.FilterChainImpl.connection_connect(FilterChainImpl.java:143) ~[druid-1.1.9.jar:1.1.9]
	at com.alibaba.druid.filter.FilterAdapter.connection_connect(FilterAdapter.java:786) ~[druid-1.1.9.jar:1.1.9]
	at com.alibaba.druid.filter.FilterChainImpl.connection_connect(FilterChainImpl.java:143) ~[druid-1.1.9.jar:1.1.9]
	at com.alibaba.druid.pool.DruidAbstractDataSource.createPhysicalConnection(DruidAbstractDataSource.java:1515) ~[druid-1.1.9.jar:1.1.9]
	at com.alibaba.druid.pool.DruidAbstractDataSource.createPhysicalConnection(DruidAbstractDataSource.java:1578) ~[druid-1.1.9.jar:1.1.9]
	at com.alibaba.druid.pool.DruidDataSource$CreateConnectionThread.run(DruidDataSource.java:2466) ~[druid-1.1.9.jar:1.1.9]
Caused by: java.net.ConnectException: Connection refused: connect
	at java.net.DualStackPlainSocketImpl.connect0(Native Method) ~[na:1.8.0_172]
	at java.net.DualStackPlainSocketImpl.socketConnect(DualStackPlainSocketImpl.java:79) ~[na:1.8.0_172]
	at java.net.AbstractPlainSocketImpl.doConnect(AbstractPlainSocketImpl.java:350) ~[na:1.8.0_172]
	at java.net.AbstractPlainSocketImpl.connectToAddress(AbstractPlainSocketImpl.java:206) ~[na:1.8.0_172]
	at java.net.AbstractPlainSocketImpl.connect(AbstractPlainSocketImpl.java:188) ~[na:1.8.0_172]
	at java.net.PlainSocketImpl.connect(PlainSocketImpl.java:172) ~[na:1.8.0_172]
	at java.net.SocksSocketImpl.connect(SocksSocketImpl.java:392) ~[na:1.8.0_172]
	at java.net.Socket.connect(Socket.java:589) ~[na:1.8.0_172]
	at com.mysql.jdbc.StandardSocketFactory.connect(StandardSocketFactory.java:213) ~[mysql-connector-java-5.1.35.jar:5.1.35]
	at com.mysql.jdbc.MysqlIO.<init>(MysqlIO.java:297) ~[mysql-connector-java-5.1.35.jar:5.1.35]
	... 20 common frames omitted
[ERROR] 2019-05-22 19:39:26 [Druid-ConnectionPool-Create-1105683026] c.alibaba.druid.pool.DruidDataSource - create connection SQLException, url: jdbc:mysql://localhost:3306/blogdb?useUnicode=true&characterEncoding=utf8, errorCode 0, state 08S01
com.mysql.jdbc.exceptions.jdbc4.CommunicationsException: Communications link failure

The last packet sent successfully to the server was 0 milliseconds ago. The driver has not received any packets from the server.
	at sun.reflect.NativeConstructorAccessorImpl.newInstance0(Native Method) ~[na:1.8.0_172]
	at sun.reflect.NativeConstructorAccessorImpl.newInstance(NativeConstructorAccessorImpl.java:62) ~[na:1.8.0_172]
	at sun.reflect.DelegatingConstructorAccessorImpl.newInstance(DelegatingConstructorAccessorImpl.java:45) ~[na:1.8.0_172]
	at java.lang.reflect.Constructor.newInstance(Constructor.java:423) ~[na:1.8.0_172]
	at com.mysql.jdbc.Util.handleNewInstance(Util.java:389) ~[mysql-connector-java-5.1.35.jar:5.1.35]
	at com.mysql.jdbc.SQLError.createCommunicationsException(SQLError.java:1038) ~[mysql-connector-java-5.1.35.jar:5.1.35]
	at com.mysql.jdbc.MysqlIO.<init>(MysqlIO.java:338) ~[mysql-connector-java-5.1.35.jar:5.1.35]
	at com.mysql.jdbc.ConnectionImpl.coreConnect(ConnectionImpl.java:2237) ~[mysql-connector-java-5.1.35.jar:5.1.35]
	at com.mysql.jdbc.ConnectionImpl.connectOneTryOnly(ConnectionImpl.java:2270) ~[mysql-connector-java-5.1.35.jar:5.1.35]
	at com.mysql.jdbc.ConnectionImpl.createNewIO(ConnectionImpl.java:2069) ~[mysql-connector-java-5.1.35.jar:5.1.35]
	at com.mysql.jdbc.ConnectionImpl.<init>(ConnectionImpl.java:794) ~[mysql-connector-java-5.1.35.jar:5.1.35]
	at com.mysql.jdbc.JDBC4Connection.<init>(JDBC4Connection.java:44) ~[mysql-connector-java-5.1.35.jar:5.1.35]
	at sun.reflect.NativeConstructorAccessorImpl.newInstance0(Native Method) ~[na:1.8.0_172]
	at sun.reflect.NativeConstructorAccessorImpl.newInstance(NativeConstructorAccessorImpl.java:62) ~[na:1.8.0_172]
	at sun.reflect.DelegatingConstructorAccessorImpl.newInstance(DelegatingConstructorAccessorImpl.java:45) ~[na:1.8.0_172]
	at java.lang.reflect.Constructor.newInstance(Constructor.java:423) ~[na:1.8.0_172]
	at com.mysql.jdbc.Util.handleNewInstance(Util.java:389) ~[mysql-connector-java-5.1.35.jar:5.1.35]
	at com.mysql.jdbc.ConnectionImpl.getInstance(ConnectionImpl.java:399) ~[mysql-connector-java-5.1.35.jar:5.1.35]
	at com.mysql.jdbc.NonRegisteringDriver.connect(NonRegisteringDriver.java:325) ~[mysql-connector-java-5.1.35.jar:5.1.35]
	at com.alibaba.druid.filter.FilterChainImpl.connection_connect(FilterChainImpl.java:149) ~[druid-1.1.9.jar:1.1.9]
	at com.alibaba.druid.filter.stat.StatFilter.connection_connect(StatFilter.java:218) ~[druid-1.1.9.jar:1.1.9]
	at com.alibaba.druid.filter.FilterChainImpl.connection_connect(FilterChainImpl.java:143) ~[druid-1.1.9.jar:1.1.9]
	at com.alibaba.druid.filter.FilterAdapter.connection_connect(FilterAdapter.java:786) ~[druid-1.1.9.jar:1.1.9]
	at com.alibaba.druid.filter.FilterChainImpl.connection_connect(FilterChainImpl.java:143) ~[druid-1.1.9.jar:1.1.9]
	at com.alibaba.druid.pool.DruidAbstractDataSource.createPhysicalConnection(DruidAbstractDataSource.java:1515) ~[druid-1.1.9.jar:1.1.9]
	at com.alibaba.druid.pool.DruidAbstractDataSource.createPhysicalConnection(DruidAbstractDataSource.java:1578) ~[druid-1.1.9.jar:1.1.9]
	at com.alibaba.druid.pool.DruidDataSource$CreateConnectionThread.run(DruidDataSource.java:2466) ~[druid-1.1.9.jar:1.1.9]
Caused by: java.net.ConnectException: Connection refused: connect
	at java.net.DualStackPlainSocketImpl.connect0(Native Method) ~[na:1.8.0_172]
	at java.net.DualStackPlainSocketImpl.socketConnect(DualStackPlainSocketImpl.java:79) ~[na:1.8.0_172]
	at java.net.AbstractPlainSocketImpl.doConnect(AbstractPlainSocketImpl.java:350) ~[na:1.8.0_172]
	at java.net.AbstractPlainSocketImpl.connectToAddress(AbstractPlainSocketImpl.java:206) ~[na:1.8.0_172]
	at java.net.AbstractPlainSocketImpl.connect(AbstractPlainSocketImpl.java:188) ~[na:1.8.0_172]
	at java.net.PlainSocketImpl.connect(PlainSocketImpl.java:172) ~[na:1.8.0_172]
	at java.net.SocksSocketImpl.connect(SocksSocketImpl.java:392) ~[na:1.8.0_172]
	at java.net.Socket.connect(Socket.java:589) ~[na:1.8.0_172]
	at com.mysql.jdbc.StandardSocketFactory.connect(StandardSocketFactory.java:213) ~[mysql-connector-java-5.1.35.jar:5.1.35]
	at com.mysql.jdbc.MysqlIO.<init>(MysqlIO.java:297) ~[mysql-connector-java-5.1.35.jar:5.1.35]
	... 20 common frames omitted
[ERROR] 2019-05-22 19:39:26 [Druid-ConnectionPool-Create-1105683026] c.alibaba.druid.pool.DruidDataSource - create connection SQLException, url: jdbc:mysql://localhost:3306/blogdb?useUnicode=true&characterEncoding=utf8, errorCode 0, state 08S01
com.mysql.jdbc.exceptions.jdbc4.CommunicationsException: Communications link failure

The last packet sent successfully to the server was 0 milliseconds ago. The driver has not received any packets from the server.
	at sun.reflect.NativeConstructorAccessorImpl.newInstance0(Native Method) ~[na:1.8.0_172]
	at sun.reflect.NativeConstructorAccessorImpl.newInstance(NativeConstructorAccessorImpl.java:62) ~[na:1.8.0_172]
	at sun.reflect.DelegatingConstructorAccessorImpl.newInstance(DelegatingConstructorAccessorImpl.java:45) ~[na:1.8.0_172]
	at java.lang.reflect.Constructor.newInstance(Constructor.java:423) ~[na:1.8.0_172]
	at com.mysql.jdbc.Util.handleNewInstance(Util.java:389) ~[mysql-connector-java-5.1.35.jar:5.1.35]
	at com.mysql.jdbc.SQLError.createCommunicationsException(SQLError.java:1038) ~[mysql-connector-java-5.1.35.jar:5.1.35]
	at com.mysql.jdbc.MysqlIO.<init>(MysqlIO.java:338) ~[mysql-connector-java-5.1.35.jar:5.1.35]
	at com.mysql.jdbc.ConnectionImpl.coreConnect(ConnectionImpl.java:2237) ~[mysql-connector-java-5.1.35.jar:5.1.35]
	at com.mysql.jdbc.ConnectionImpl.connectOneTryOnly(ConnectionImpl.java:2270) ~[mysql-connector-java-5.1.35.jar:5.1.35]
	at com.mysql.jdbc.ConnectionImpl.createNewIO(ConnectionImpl.java:2069) ~[mysql-connector-java-5.1.35.jar:5.1.35]
	at com.mysql.jdbc.ConnectionImpl.<init>(ConnectionImpl.java:794) ~[mysql-connector-java-5.1.35.jar:5.1.35]
	at com.mysql.jdbc.JDBC4Connection.<init>(JDBC4Connection.java:44) ~[mysql-connector-java-5.1.35.jar:5.1.35]
	at sun.reflect.NativeConstructorAccessorImpl.newInstance0(Native Method) ~[na:1.8.0_172]
	at sun.reflect.NativeConstructorAccessorImpl.newInstance(NativeConstructorAccessorImpl.java:62) ~[na:1.8.0_172]
	at sun.reflect.DelegatingConstructorAccessorImpl.newInstance(DelegatingConstructorAccessorImpl.java:45) ~[na:1.8.0_172]
	at java.lang.reflect.Constructor.newInstance(Constructor.java:423) ~[na:1.8.0_172]
	at com.mysql.jdbc.Util.handleNewInstance(Util.java:389) ~[mysql-connector-java-5.1.35.jar:5.1.35]
	at com.mysql.jdbc.ConnectionImpl.getInstance(ConnectionImpl.java:399) ~[mysql-connector-java-5.1.35.jar:5.1.35]
	at com.mysql.jdbc.NonRegisteringDriver.connect(NonRegisteringDriver.java:325) ~[mysql-connector-java-5.1.35.jar:5.1.35]
	at com.alibaba.druid.filter.FilterChainImpl.connection_connect(FilterChainImpl.java:149) ~[druid-1.1.9.jar:1.1.9]
	at com.alibaba.druid.filter.stat.StatFilter.connection_connect(StatFilter.java:218) ~[druid-1.1.9.jar:1.1.9]
	at com.alibaba.druid.filter.FilterChainImpl.connection_connect(FilterChainImpl.java:143) ~[druid-1.1.9.jar:1.1.9]
	at com.alibaba.druid.filter.FilterAdapter.connection_connect(FilterAdapter.java:786) ~[druid-1.1.9.jar:1.1.9]
	at com.alibaba.druid.filter.FilterChainImpl.connection_connect(FilterChainImpl.java:143) ~[druid-1.1.9.jar:1.1.9]
	at com.alibaba.druid.pool.DruidAbstractDataSource.createPhysicalConnection(DruidAbstractDataSource.java:1515) ~[druid-1.1.9.jar:1.1.9]
	at com.alibaba.druid.pool.DruidAbstractDataSource.createPhysicalConnection(DruidAbstractDataSource.java:1578) ~[druid-1.1.9.jar:1.1.9]
	at com.alibaba.druid.pool.DruidDataSource$CreateConnectionThread.run(DruidDataSource.java:2466) ~[druid-1.1.9.jar:1.1.9]
Caused by: java.net.ConnectException: Connection refused: connect
	at java.net.DualStackPlainSocketImpl.connect0(Native Method) ~[na:1.8.0_172]
	at java.net.DualStackPlainSocketImpl.socketConnect(DualStackPlainSocketImpl.java:79) ~[na:1.8.0_172]
	at java.net.AbstractPlainSocketImpl.doConnect(AbstractPlainSocketImpl.java:350) ~[na:1.8.0_172]
	at java.net.AbstractPlainSocketImpl.connectToAddress(AbstractPlainSocketImpl.java:206) ~[na:1.8.0_172]
	at java.net.AbstractPlainSocketImpl.connect(AbstractPlainSocketImpl.java:188) ~[na:1.8.0_172]
	at java.net.PlainSocketImpl.connect(PlainSocketImpl.java:172) ~[na:1.8.0_172]
	at java.net.SocksSocketImpl.connect(SocksSocketImpl.java:392) ~[na:1.8.0_172]
	at java.net.Socket.connect(Socket.java:589) ~[na:1.8.0_172]
	at com.mysql.jdbc.StandardSocketFactory.connect(StandardSocketFactory.java:213) ~[mysql-connector-java-5.1.35.jar:5.1.35]
	at com.mysql.jdbc.MysqlIO.<init>(MysqlIO.java:297) ~[mysql-connector-java-5.1.35.jar:5.1.35]
	... 20 common frames omitted
[ERROR] 2019-05-22 19:39:43 [main] c.alibaba.druid.pool.DruidDataSource - init datasource error, url: jdbc:mysql://localhost:3306/blogdb?useUnicode=true&characterEncoding=utf8
com.mysql.jdbc.exceptions.jdbc4.CommunicationsException: Communications link failure

The last packet sent successfully to the server was 0 milliseconds ago. The driver has not received any packets from the server.
	at sun.reflect.NativeConstructorAccessorImpl.newInstance0(Native Method) ~[na:1.8.0_172]
	at sun.reflect.NativeConstructorAccessorImpl.newInstance(NativeConstructorAccessorImpl.java:62) ~[na:1.8.0_172]
	at sun.reflect.DelegatingConstructorAccessorImpl.newInstance(DelegatingConstructorAccessorImpl.java:45) ~[na:1.8.0_172]
	at java.lang.reflect.Constructor.newInstance(Constructor.java:423) ~[na:1.8.0_172]
	at com.mysql.jdbc.Util.handleNewInstance(Util.java:389) ~[mysql-connector-java-5.1.35.jar:5.1.35]
	at com.mysql.jdbc.SQLError.createCommunicationsException(SQLError.java:1038) ~[mysql-connector-java-5.1.35.jar:5.1.35]
	at com.mysql.jdbc.MysqlIO.<init>(MysqlIO.java:338) ~[mysql-connector-java-5.1.35.jar:5.1.35]
	at com.mysql.jdbc.ConnectionImpl.coreConnect(ConnectionImpl.java:2237) ~[mysql-connector-java-5.1.35.jar:5.1.35]
	at com.mysql.jdbc.ConnectionImpl.connectOneTryOnly(ConnectionImpl.java:2270) ~[mysql-connector-java-5.1.35.jar:5.1.35]
	at com.mysql.jdbc.ConnectionImpl.createNewIO(ConnectionImpl.java:2069) ~[mysql-connector-java-5.1.35.jar:5.1.35]
	at com.mysql.jdbc.ConnectionImpl.<init>(ConnectionImpl.java:794) ~[mysql-connector-java-5.1.35.jar:5.1.35]
	at com.mysql.jdbc.JDBC4Connection.<init>(JDBC4Connection.java:44) ~[mysql-connector-java-5.1.35.jar:5.1.35]
	at sun.reflect.NativeConstructorAccessorImpl.newInstance0(Native Method) ~[na:1.8.0_172]
	at sun.reflect.NativeConstructorAccessorImpl.newInstance(NativeConstructorAccessorImpl.java:62) ~[na:1.8.0_172]
	at sun.reflect.DelegatingConstructorAccessorImpl.newInstance(DelegatingConstructorAccessorImpl.java:45) ~[na:1.8.0_172]
	at java.lang.reflect.Constructor.newInstance(Constructor.java:423) ~[na:1.8.0_172]
	at com.mysql.jdbc.Util.handleNewInstance(Util.java:389) ~[mysql-connector-java-5.1.35.jar:5.1.35]
	at com.mysql.jdbc.ConnectionImpl.getInstance(ConnectionImpl.java:399) ~[mysql-connector-java-5.1.35.jar:5.1.35]
	at com.mysql.jdbc.NonRegisteringDriver.connect(NonRegisteringDriver.java:325) ~[mysql-connector-java-5.1.35.jar:5.1.35]
	at com.alibaba.druid.filter.FilterChainImpl.connection_connect(FilterChainImpl.java:149) ~[druid-1.1.9.jar:1.1.9]
	at com.alibaba.druid.filter.stat.StatFilter.connection_connect(StatFilter.java:218) ~[druid-1.1.9.jar:1.1.9]
	at com.alibaba.druid.filter.FilterChainImpl.connection_connect(FilterChainImpl.java:143) ~[druid-1.1.9.jar:1.1.9]
	at com.alibaba.druid.filter.FilterAdapter.connection_connect(FilterAdapter.java:786) ~[druid-1.1.9.jar:1.1.9]
	at com.alibaba.druid.filter.FilterChainImpl.connection_connect(FilterChainImpl.java:143) ~[druid-1.1.9.jar:1.1.9]
	at com.alibaba.druid.pool.DruidAbstractDataSource.createPhysicalConnection(DruidAbstractDataSource.java:1515) ~[druid-1.1.9.jar:1.1.9]
	at com.alibaba.druid.pool.DruidAbstractDataSource.createPhysicalConnection(DruidAbstractDataSource.java:1578) ~[druid-1.1.9.jar:1.1.9]
	at com.alibaba.druid.pool.DruidDataSource.init(DruidDataSource.java:859) ~[druid-1.1.9.jar:1.1.9]
	at sun.reflect.NativeMethodAccessorImpl.invoke0(Native Method) ~[na:1.8.0_172]
	at sun.reflect.NativeMethodAccessorImpl.invoke(NativeMethodAccessorImpl.java:62) ~[na:1.8.0_172]
	at sun.reflect.DelegatingMethodAccessorImpl.invoke(DelegatingMethodAccessorImpl.java:43) ~[na:1.8.0_172]
	at java.lang.reflect.Method.invoke(Method.java:498) ~[na:1.8.0_172]
	at org.springframework.beans.factory.support.AbstractAutowireCapableBeanFactory.invokeCustomInitMethod(AbstractAutowireCapableBeanFactory.java:1681) [spring-beans-4.0.5.RELEASE.jar:4.0.5.RELEASE]
	at org.springframework.beans.factory.support.AbstractAutowireCapableBeanFactory.invokeInitMethods(AbstractAutowireCapableBeanFactory.java:1620) [spring-beans-4.0.5.RELEASE.jar:4.0.5.RELEASE]
	at org.springframework.beans.factory.support.AbstractAutowireCapableBeanFactory.initializeBean(AbstractAutowireCapableBeanFactory.java:1549) [spring-beans-4.0.5.RELEASE.jar:4.0.5.RELEASE]
	at org.springframework.beans.factory.support.AbstractAutowireCapableBeanFactory.doCreateBean(AbstractAutowireCapableBeanFactory.java:539) [spring-beans-4.0.5.RELEASE.jar:4.0.5.RELEASE]
	at org.springframework.beans.factory.support.AbstractAutowireCapableBeanFactory.createBean(AbstractAutowireCapableBeanFactory.java:475) [spring-beans-4.0.5.RELEASE.jar:4.0.5.RELEASE]
	at org.springframework.beans.factory.support.AbstractBeanFactory$1.getObject(AbstractBeanFactory.java:304) [spring-beans-4.0.5.RELEASE.jar:4.0.5.RELEASE]
	at org.springframework.beans.factory.support.DefaultSingletonBeanRegistry.getSingleton(DefaultSingletonBeanRegistry.java:228) [spring-beans-4.0.5.RELEASE.jar:4.0.5.RELEASE]
	at org.springframework.beans.factory.support.AbstractBeanFactory.doGetBean(AbstractBeanFactory.java:300) [spring-beans-4.0.5.RELEASE.jar:4.0.5.RELEASE]
	at org.springframework.beans.factory.support.AbstractBeanFactory.getBean(AbstractBeanFactory.java:195) [spring-beans-4.0.5.RELEASE.jar:4.0.5.RELEASE]
	at org.springframework.beans.factory.support.DefaultListableBeanFactory.preInstantiateSingletons(DefaultListableBeanFactory.java:703) [spring-beans-4.0.5.RELEASE.jar:4.0.5.RELEASE]
	at org.springframework.context.support.AbstractApplicationContext.finishBeanFactoryInitialization(AbstractApplicationContext.java:760) [spring-context-4.0.5.RELEASE.jar:4.0.5.RELEASE]
	at org.springframework.context.support.AbstractApplicationContext.refresh(AbstractApplicationContext.java:482) [spring-context-4.0.5.RELEASE.jar:4.0.5.RELEASE]
	at org.springframework.web.context.ContextLoader.configureAndRefreshWebApplicationContext(ContextLoader.java:403) [spring-web-4.0.5.RELEASE.jar:4.0.5.RELEASE]
	at org.springframework.web.context.ContextLoader.initWebApplicationContext(ContextLoader.java:306) [spring-web-4.0.5.RELEASE.jar:4.0.5.RELEASE]
	at org.springframework.web.context.ContextLoaderListener.contextInitialized(ContextLoaderListener.java:106) [spring-web-4.0.5.RELEASE.jar:4.0.5.RELEASE]
	at org.eclipse.jetty.server.handler.ContextHandler.callContextInitialized(ContextHandler.java:782) [jetty-server-8.1.16.v20140903.jar:8.1.16.v20140903]
	at org.eclipse.jetty.servlet.ServletContextHandler.callContextInitialized(ServletContextHandler.java:424) [jetty-servlet-8.1.16.v20140903.jar:8.1.16.v20140903]
	at org.eclipse.jetty.server.handler.ContextHandler.startContext(ContextHandler.java:774) [jetty-server-8.1.16.v20140903.jar:8.1.16.v20140903]
	at org.eclipse.jetty.servlet.ServletContextHandler.startContext(ServletContextHandler.java:249) [jetty-servlet-8.1.16.v20140903.jar:8.1.16.v20140903]
	at org.eclipse.jetty.webapp.WebAppContext.startContext(WebAppContext.java:1242) [jetty-webapp-8.1.16.v20140903.jar:8.1.16.v20140903]
	at org.eclipse.jetty.server.handler.ContextHandler.doStart(ContextHandler.java:717) [jetty-server-8.1.16.v20140903.jar:8.1.16.v20140903]
	at org.eclipse.jetty.webapp.WebAppContext.doStart(WebAppContext.java:494) [jetty-webapp-8.1.16.v20140903.jar:8.1.16.v20140903]
	at org.mortbay.jetty.plugin.JettyWebAppContext.doStart(JettyWebAppContext.java:298) [jetty-maven-plugin-8.1.16.v20140903.jar:8.1.16.v20140903]
	at org.eclipse.jetty.util.component.AbstractLifeCycle.start(AbstractLifeCycle.java:64) [jetty-util-8.1.16.v20140903.jar:8.1.16.v20140903]
	at org.eclipse.jetty.server.handler.HandlerCollection.doStart(HandlerCollection.java:229) [jetty-server-8.1.16.v20140903.jar:8.1.16.v20140903]
	at org.eclipse.jetty.server.handler.ContextHandlerCollection.doStart(ContextHandlerCollection.java:172) [jetty-server-8.1.16.v20140903.jar:8.1.16.v20140903]
	at org.eclipse.jetty.util.component.AbstractLifeCycle.start(AbstractLifeCycle.java:64) [jetty-util-8.1.16.v20140903.jar:8.1.16.v20140903]
	at org.eclipse.jetty.server.handler.HandlerCollection.doStart(HandlerCollection.java:229) [jetty-server-8.1.16.v20140903.jar:8.1.16.v20140903]
	at org.eclipse.jetty.util.component.AbstractLifeCycle.start(AbstractLifeCycle.java:64) [jetty-util-8.1.16.v20140903.jar:8.1.16.v20140903]
	at org.eclipse.jetty.server.handler.HandlerWrapper.doStart(HandlerWrapper.java:95) [jetty-server-8.1.16.v20140903.jar:8.1.16.v20140903]
	at org.eclipse.jetty.server.Server.doStart(Server.java:282) [jetty-server-8.1.16.v20140903.jar:8.1.16.v20140903]
	at org.mortbay.jetty.plugin.JettyServer.doStart(JettyServer.java:65) [jetty-maven-plugin-8.1.16.v20140903.jar:8.1.16.v20140903]
	at org.eclipse.jetty.util.component.AbstractLifeCycle.start(AbstractLifeCycle.java:64) [jetty-util-8.1.16.v20140903.jar:8.1.16.v20140903]
	at org.mortbay.jetty.plugin.AbstractJettyMojo.startJetty(AbstractJettyMojo.java:520) [jetty-maven-plugin-8.1.16.v20140903.jar:8.1.16.v20140903]
	at org.mortbay.jetty.plugin.AbstractJettyMojo.execute(AbstractJettyMojo.java:365) [jetty-maven-plugin-8.1.16.v20140903.jar:8.1.16.v20140903]
	at org.mortbay.jetty.plugin.JettyRunMojo.execute(JettyRunMojo.java:523) [jetty-maven-plugin-8.1.16.v20140903.jar:8.1.16.v20140903]
	at org.apache.maven.plugin.DefaultBuildPluginManager.executeMojo(DefaultBuildPluginManager.java:134) [maven-core-3.3.9.jar:3.3.9]
	at org.apache.maven.lifecycle.internal.MojoExecutor.execute(MojoExecutor.java:207) [maven-core-3.3.9.jar:3.3.9]
	at org.apache.maven.lifecycle.internal.MojoExecutor.execute(MojoExecutor.java:153) [maven-core-3.3.9.jar:3.3.9]
	at org.apache.maven.lifecycle.internal.MojoExecutor.execute(MojoExecutor.java:145) [maven-core-3.3.9.jar:3.3.9]
	at org.apache.maven.lifecycle.internal.LifecycleModuleBuilder.buildProject(LifecycleModuleBuilder.java:116) [maven-core-3.3.9.jar:3.3.9]
	at org.apache.maven.lifecycle.internal.LifecycleModuleBuilder.buildProject(LifecycleModuleBuilder.java:80) [maven-core-3.3.9.jar:3.3.9]
	at org.apache.maven.lifecycle.internal.builder.singlethreaded.SingleThreadedBuilder.build(SingleThreadedBuilder.java:51) [maven-core-3.3.9.jar:3.3.9]
	at org.apache.maven.lifecycle.internal.LifecycleStarter.execute(LifecycleStarter.java:128) [maven-core-3.3.9.jar:3.3.9]
	at org.apache.maven.DefaultMaven.doExecute(DefaultMaven.java:307) [maven-core-3.3.9.jar:3.3.9]
	at org.apache.maven.DefaultMaven.doExecute(DefaultMaven.java:193) [maven-core-3.3.9.jar:3.3.9]
	at org.apache.maven.DefaultMaven.execute(DefaultMaven.java:106) [maven-core-3.3.9.jar:3.3.9]
	at org.apache.maven.cli.MavenCli.execute(MavenCli.java:863) [maven-embedder-3.3.9.jar:3.3.9]
	at org.apache.maven.cli.MavenCli.doMain(MavenCli.java:288) [maven-embedder-3.3.9.jar:3.3.9]
	at org.apache.maven.cli.MavenCli.main(MavenCli.java:199) [maven-embedder-3.3.9.jar:3.3.9]
	at sun.reflect.NativeMethodAccessorImpl.invoke0(Native Method) ~[na:1.8.0_172]
	at sun.reflect.NativeMethodAccessorImpl.invoke(NativeMethodAccessorImpl.java:62) ~[na:1.8.0_172]
	at sun.reflect.DelegatingMethodAccessorImpl.invoke(DelegatingMethodAccessorImpl.java:43) ~[na:1.8.0_172]
	at java.lang.reflect.Method.invoke(Method.java:498) ~[na:1.8.0_172]
	at org.codehaus.plexus.classworlds.launcher.Launcher.launchEnhanced(Launcher.java:289) [plexus-classworlds-2.5.2.jar:na]
	at org.codehaus.plexus.classworlds.launcher.Launcher.launch(Launcher.java:229) [plexus-classworlds-2.5.2.jar:na]
	at org.codehaus.plexus.classworlds.launcher.Launcher.mainWithExitCode(Launcher.java:415) [plexus-classworlds-2.5.2.jar:na]
	at org.codehaus.plexus.classworlds.launcher.Launcher.main(Launcher.java:356) [plexus-classworlds-2.5.2.jar:na]
	at org.codehaus.classworlds.Launcher.main(Launcher.java:47) [plexus-classworlds-2.5.2.jar:na]
Caused by: java.net.ConnectException: Connection refused: connect
	at java.net.DualStackPlainSocketImpl.connect0(Native Method) ~[na:1.8.0_172]
	at java.net.DualStackPlainSocketImpl.socketConnect(DualStackPlainSocketImpl.java:79) ~[na:1.8.0_172]
	at java.net.AbstractPlainSocketImpl.doConnect(AbstractPlainSocketImpl.java:350) ~[na:1.8.0_172]
	at java.net.AbstractPlainSocketImpl.connectToAddress(AbstractPlainSocketImpl.java:206) ~[na:1.8.0_172]
	at java.net.AbstractPlainSocketImpl.connect(AbstractPlainSocketImpl.java:188) ~[na:1.8.0_172]
	at java.net.PlainSocketImpl.connect(PlainSocketImpl.java:172) ~[na:1.8.0_172]
	at java.net.SocksSocketImpl.connect(SocksSocketImpl.java:392) ~[na:1.8.0_172]
	at java.net.Socket.connect(Socket.java:589) ~[na:1.8.0_172]
	at com.mysql.jdbc.StandardSocketFactory.connect(StandardSocketFactory.java:213) ~[mysql-connector-java-5.1.35.jar:5.1.35]
	at com.mysql.jdbc.MysqlIO.<init>(MysqlIO.java:297) ~[mysql-connector-java-5.1.35.jar:5.1.35]
	... 83 common frames omitted
[ERROR] 2019-05-22 19:39:43 [main] c.alibaba.druid.pool.DruidDataSource - {dataSource-1} init error
com.mysql.jdbc.exceptions.jdbc4.CommunicationsException: Communications link failure

The last packet sent successfully to the server was 0 milliseconds ago. The driver has not received any packets from the server.
	at sun.reflect.NativeConstructorAccessorImpl.newInstance0(Native Method) ~[na:1.8.0_172]
	at sun.reflect.NativeConstructorAccessorImpl.newInstance(NativeConstructorAccessorImpl.java:62) ~[na:1.8.0_172]
	at sun.reflect.DelegatingConstructorAccessorImpl.newInstance(DelegatingConstructorAccessorImpl.java:45) ~[na:1.8.0_172]
	at java.lang.reflect.Constructor.newInstance(Constructor.java:423) ~[na:1.8.0_172]
	at com.mysql.jdbc.Util.handleNewInstance(Util.java:389) ~[mysql-connector-java-5.1.35.jar:5.1.35]
	at com.mysql.jdbc.SQLError.createCommunicationsException(SQLError.java:1038) ~[mysql-connector-java-5.1.35.jar:5.1.35]
	at com.mysql.jdbc.MysqlIO.<init>(MysqlIO.java:338) ~[mysql-connector-java-5.1.35.jar:5.1.35]
	at com.mysql.jdbc.ConnectionImpl.coreConnect(ConnectionImpl.java:2237) ~[mysql-connector-java-5.1.35.jar:5.1.35]
	at com.mysql.jdbc.ConnectionImpl.connectOneTryOnly(ConnectionImpl.java:2270) ~[mysql-connector-java-5.1.35.jar:5.1.35]
	at com.mysql.jdbc.ConnectionImpl.createNewIO(ConnectionImpl.java:2069) ~[mysql-connector-java-5.1.35.jar:5.1.35]
	at com.mysql.jdbc.ConnectionImpl.<init>(ConnectionImpl.java:794) ~[mysql-connector-java-5.1.35.jar:5.1.35]
	at com.mysql.jdbc.JDBC4Connection.<init>(JDBC4Connection.java:44) ~[mysql-connector-java-5.1.35.jar:5.1.35]
	at sun.reflect.NativeConstructorAccessorImpl.newInstance0(Native Method) ~[na:1.8.0_172]
	at sun.reflect.NativeConstructorAccessorImpl.newInstance(NativeConstructorAccessorImpl.java:62) ~[na:1.8.0_172]
	at sun.reflect.DelegatingConstructorAccessorImpl.newInstance(DelegatingConstructorAccessorImpl.java:45) ~[na:1.8.0_172]
	at java.lang.reflect.Constructor.newInstance(Constructor.java:423) ~[na:1.8.0_172]
	at com.mysql.jdbc.Util.handleNewInstance(Util.java:389) ~[mysql-connector-java-5.1.35.jar:5.1.35]
	at com.mysql.jdbc.ConnectionImpl.getInstance(ConnectionImpl.java:399) ~[mysql-connector-java-5.1.35.jar:5.1.35]
	at com.mysql.jdbc.NonRegisteringDriver.connect(NonRegisteringDriver.java:325) ~[mysql-connector-java-5.1.35.jar:5.1.35]
	at com.alibaba.druid.filter.FilterChainImpl.connection_connect(FilterChainImpl.java:149) ~[druid-1.1.9.jar:1.1.9]
	at com.alibaba.druid.filter.stat.StatFilter.connection_connect(StatFilter.java:218) ~[druid-1.1.9.jar:1.1.9]
	at com.alibaba.druid.filter.FilterChainImpl.connection_connect(FilterChainImpl.java:143) ~[druid-1.1.9.jar:1.1.9]
	at com.alibaba.druid.filter.FilterAdapter.connection_connect(FilterAdapter.java:786) ~[druid-1.1.9.jar:1.1.9]
	at com.alibaba.druid.filter.FilterChainImpl.connection_connect(FilterChainImpl.java:143) ~[druid-1.1.9.jar:1.1.9]
	at com.alibaba.druid.pool.DruidAbstractDataSource.createPhysicalConnection(DruidAbstractDataSource.java:1515) ~[druid-1.1.9.jar:1.1.9]
	at com.alibaba.druid.pool.DruidAbstractDataSource.createPhysicalConnection(DruidAbstractDataSource.java:1578) ~[druid-1.1.9.jar:1.1.9]
	at com.alibaba.druid.pool.DruidDataSource.init(DruidDataSource.java:859) ~[druid-1.1.9.jar:1.1.9]
	at sun.reflect.NativeMethodAccessorImpl.invoke0(Native Method) ~[na:1.8.0_172]
	at sun.reflect.NativeMethodAccessorImpl.invoke(NativeMethodAccessorImpl.java:62) ~[na:1.8.0_172]
	at sun.reflect.DelegatingMethodAccessorImpl.invoke(DelegatingMethodAccessorImpl.java:43) ~[na:1.8.0_172]
	at java.lang.reflect.Method.invoke(Method.java:498) ~[na:1.8.0_172]
	at org.springframework.beans.factory.support.AbstractAutowireCapableBeanFactory.invokeCustomInitMethod(AbstractAutowireCapableBeanFactory.java:1681) [spring-beans-4.0.5.RELEASE.jar:4.0.5.RELEASE]
	at org.springframework.beans.factory.support.AbstractAutowireCapableBeanFactory.invokeInitMethods(AbstractAutowireCapableBeanFactory.java:1620) [spring-beans-4.0.5.RELEASE.jar:4.0.5.RELEASE]
	at org.springframework.beans.factory.support.AbstractAutowireCapableBeanFactory.initializeBean(AbstractAutowireCapableBeanFactory.java:1549) [spring-beans-4.0.5.RELEASE.jar:4.0.5.RELEASE]
	at org.springframework.beans.factory.support.AbstractAutowireCapableBeanFactory.doCreateBean(AbstractAutowireCapableBeanFactory.java:539) [spring-beans-4.0.5.RELEASE.jar:4.0.5.RELEASE]
	at org.springframework.beans.factory.support.AbstractAutowireCapableBeanFactory.createBean(AbstractAutowireCapableBeanFactory.java:475) [spring-beans-4.0.5.RELEASE.jar:4.0.5.RELEASE]
	at org.springframework.beans.factory.support.AbstractBeanFactory$1.getObject(AbstractBeanFactory.java:304) [spring-beans-4.0.5.RELEASE.jar:4.0.5.RELEASE]
	at org.springframework.beans.factory.support.DefaultSingletonBeanRegistry.getSingleton(DefaultSingletonBeanRegistry.java:228) [spring-beans-4.0.5.RELEASE.jar:4.0.5.RELEASE]
	at org.springframework.beans.factory.support.AbstractBeanFactory.doGetBean(AbstractBeanFactory.java:300) [spring-beans-4.0.5.RELEASE.jar:4.0.5.RELEASE]
	at org.springframework.beans.factory.support.AbstractBeanFactory.getBean(AbstractBeanFactory.java:195) [spring-beans-4.0.5.RELEASE.jar:4.0.5.RELEASE]
	at org.springframework.beans.factory.support.DefaultListableBeanFactory.preInstantiateSingletons(DefaultListableBeanFactory.java:703) [spring-beans-4.0.5.RELEASE.jar:4.0.5.RELEASE]
	at org.springframework.context.support.AbstractApplicationContext.finishBeanFactoryInitialization(AbstractApplicationContext.java:760) [spring-context-4.0.5.RELEASE.jar:4.0.5.RELEASE]
	at org.springframework.context.support.AbstractApplicationContext.refresh(AbstractApplicationContext.java:482) [spring-context-4.0.5.RELEASE.jar:4.0.5.RELEASE]
	at org.springframework.web.context.ContextLoader.configureAndRefreshWebApplicationContext(ContextLoader.java:403) [spring-web-4.0.5.RELEASE.jar:4.0.5.RELEASE]
	at org.springframework.web.context.ContextLoader.initWebApplicationContext(ContextLoader.java:306) [spring-web-4.0.5.RELEASE.jar:4.0.5.RELEASE]
	at org.springframework.web.context.ContextLoaderListener.contextInitialized(ContextLoaderListener.java:106) [spring-web-4.0.5.RELEASE.jar:4.0.5.RELEASE]
	at org.eclipse.jetty.server.handler.ContextHandler.callContextInitialized(ContextHandler.java:782) [jetty-server-8.1.16.v20140903.jar:8.1.16.v20140903]
	at org.eclipse.jetty.servlet.ServletContextHandler.callContextInitialized(ServletContextHandler.java:424) [jetty-servlet-8.1.16.v20140903.jar:8.1.16.v20140903]
	at org.eclipse.jetty.server.handler.ContextHandler.startContext(ContextHandler.java:774) [jetty-server-8.1.16.v20140903.jar:8.1.16.v20140903]
	at org.eclipse.jetty.servlet.ServletContextHandler.startContext(ServletContextHandler.java:249) [jetty-servlet-8.1.16.v20140903.jar:8.1.16.v20140903]
	at org.eclipse.jetty.webapp.WebAppContext.startContext(WebAppContext.java:1242) [jetty-webapp-8.1.16.v20140903.jar:8.1.16.v20140903]
	at org.eclipse.jetty.server.handler.ContextHandler.doStart(ContextHandler.java:717) [jetty-server-8.1.16.v20140903.jar:8.1.16.v20140903]
	at org.eclipse.jetty.webapp.WebAppContext.doStart(WebAppContext.java:494) [jetty-webapp-8.1.16.v20140903.jar:8.1.16.v20140903]
	at org.mortbay.jetty.plugin.JettyWebAppContext.doStart(JettyWebAppContext.java:298) [jetty-maven-plugin-8.1.16.v20140903.jar:8.1.16.v20140903]
	at org.eclipse.jetty.util.component.AbstractLifeCycle.start(AbstractLifeCycle.java:64) [jetty-util-8.1.16.v20140903.jar:8.1.16.v20140903]
	at org.eclipse.jetty.server.handler.HandlerCollection.doStart(HandlerCollection.java:229) [jetty-server-8.1.16.v20140903.jar:8.1.16.v20140903]
	at org.eclipse.jetty.server.handler.ContextHandlerCollection.doStart(ContextHandlerCollection.java:172) [jetty-server-8.1.16.v20140903.jar:8.1.16.v20140903]
	at org.eclipse.jetty.util.component.AbstractLifeCycle.start(AbstractLifeCycle.java:64) [jetty-util-8.1.16.v20140903.jar:8.1.16.v20140903]
	at org.eclipse.jetty.server.handler.HandlerCollection.doStart(HandlerCollection.java:229) [jetty-server-8.1.16.v20140903.jar:8.1.16.v20140903]
	at org.eclipse.jetty.util.component.AbstractLifeCycle.start(AbstractLifeCycle.java:64) [jetty-util-8.1.16.v20140903.jar:8.1.16.v20140903]
	at org.eclipse.jetty.server.handler.HandlerWrapper.doStart(HandlerWrapper.java:95) [jetty-server-8.1.16.v20140903.jar:8.1.16.v20140903]
	at org.eclipse.jetty.server.Server.doStart(Server.java:282) [jetty-server-8.1.16.v20140903.jar:8.1.16.v20140903]
	at org.mortbay.jetty.plugin.JettyServer.doStart(JettyServer.java:65) [jetty-maven-plugin-8.1.16.v20140903.jar:8.1.16.v20140903]
	at org.eclipse.jetty.util.component.AbstractLifeCycle.start(AbstractLifeCycle.java:64) [jetty-util-8.1.16.v20140903.jar:8.1.16.v20140903]
	at org.mortbay.jetty.plugin.AbstractJettyMojo.startJetty(AbstractJettyMojo.java:520) [jetty-maven-plugin-8.1.16.v20140903.jar:8.1.16.v20140903]
	at org.mortbay.jetty.plugin.AbstractJettyMojo.execute(AbstractJettyMojo.java:365) [jetty-maven-plugin-8.1.16.v20140903.jar:8.1.16.v20140903]
	at org.mortbay.jetty.plugin.JettyRunMojo.execute(JettyRunMojo.java:523) [jetty-maven-plugin-8.1.16.v20140903.jar:8.1.16.v20140903]
	at org.apache.maven.plugin.DefaultBuildPluginManager.executeMojo(DefaultBuildPluginManager.java:134) [maven-core-3.3.9.jar:3.3.9]
	at org.apache.maven.lifecycle.internal.MojoExecutor.execute(MojoExecutor.java:207) [maven-core-3.3.9.jar:3.3.9]
	at org.apache.maven.lifecycle.internal.MojoExecutor.execute(MojoExecutor.java:153) [maven-core-3.3.9.jar:3.3.9]
	at org.apache.maven.lifecycle.internal.MojoExecutor.execute(MojoExecutor.java:145) [maven-core-3.3.9.jar:3.3.9]
	at org.apache.maven.lifecycle.internal.LifecycleModuleBuilder.buildProject(LifecycleModuleBuilder.java:116) [maven-core-3.3.9.jar:3.3.9]
	at org.apache.maven.lifecycle.internal.LifecycleModuleBuilder.buildProject(LifecycleModuleBuilder.java:80) [maven-core-3.3.9.jar:3.3.9]
	at org.apache.maven.lifecycle.internal.builder.singlethreaded.SingleThreadedBuilder.build(SingleThreadedBuilder.java:51) [maven-core-3.3.9.jar:3.3.9]
	at org.apache.maven.lifecycle.internal.LifecycleStarter.execute(LifecycleStarter.java:128) [maven-core-3.3.9.jar:3.3.9]
	at org.apache.maven.DefaultMaven.doExecute(DefaultMaven.java:307) [maven-core-3.3.9.jar:3.3.9]
	at org.apache.maven.DefaultMaven.doExecute(DefaultMaven.java:193) [maven-core-3.3.9.jar:3.3.9]
	at org.apache.maven.DefaultMaven.execute(DefaultMaven.java:106) [maven-core-3.3.9.jar:3.3.9]
	at org.apache.maven.cli.MavenCli.execute(MavenCli.java:863) [maven-embedder-3.3.9.jar:3.3.9]
	at org.apache.maven.cli.MavenCli.doMain(MavenCli.java:288) [maven-embedder-3.3.9.jar:3.3.9]
	at org.apache.maven.cli.MavenCli.main(MavenCli.java:199) [maven-embedder-3.3.9.jar:3.3.9]
	at sun.reflect.NativeMethodAccessorImpl.invoke0(Native Method) ~[na:1.8.0_172]
	at sun.reflect.NativeMethodAccessorImpl.invoke(NativeMethodAccessorImpl.java:62) ~[na:1.8.0_172]
	at sun.reflect.DelegatingMethodAccessorImpl.invoke(DelegatingMethodAccessorImpl.java:43) ~[na:1.8.0_172]
	at java.lang.reflect.Method.invoke(Method.java:498) ~[na:1.8.0_172]
	at org.codehaus.plexus.classworlds.launcher.Launcher.launchEnhanced(Launcher.java:289) [plexus-classworlds-2.5.2.jar:na]
	at org.codehaus.plexus.classworlds.launcher.Launcher.launch(Launcher.java:229) [plexus-classworlds-2.5.2.jar:na]
	at org.codehaus.plexus.classworlds.launcher.Launcher.mainWithExitCode(Launcher.java:415) [plexus-classworlds-2.5.2.jar:na]
	at org.codehaus.plexus.classworlds.launcher.Launcher.main(Launcher.java:356) [plexus-classworlds-2.5.2.jar:na]
	at org.codehaus.classworlds.Launcher.main(Launcher.java:47) [plexus-classworlds-2.5.2.jar:na]
Caused by: java.net.ConnectException: Connection refused: connect
	at java.net.DualStackPlainSocketImpl.connect0(Native Method) ~[na:1.8.0_172]
	at java.net.DualStackPlainSocketImpl.socketConnect(DualStackPlainSocketImpl.java:79) ~[na:1.8.0_172]
	at java.net.AbstractPlainSocketImpl.doConnect(AbstractPlainSocketImpl.java:350) ~[na:1.8.0_172]
	at java.net.AbstractPlainSocketImpl.connectToAddress(AbstractPlainSocketImpl.java:206) ~[na:1.8.0_172]
	at java.net.AbstractPlainSocketImpl.connect(AbstractPlainSocketImpl.java:188) ~[na:1.8.0_172]
	at java.net.PlainSocketImpl.connect(PlainSocketImpl.java:172) ~[na:1.8.0_172]
	at java.net.SocksSocketImpl.connect(SocksSocketImpl.java:392) ~[na:1.8.0_172]
	at java.net.Socket.connect(Socket.java:589) ~[na:1.8.0_172]
	at com.mysql.jdbc.StandardSocketFactory.connect(StandardSocketFactory.java:213) ~[mysql-connector-java-5.1.35.jar:5.1.35]
	at com.mysql.jdbc.MysqlIO.<init>(MysqlIO.java:297) ~[mysql-connector-java-5.1.35.jar:5.1.35]
	... 83 common frames omitted
[ERROR] 2019-05-22 19:39:43 [Druid-ConnectionPool-Create-1044117371] c.alibaba.druid.pool.DruidDataSource - create connection SQLException, url: jdbc:mysql://localhost:3306/blogdb?useUnicode=true&characterEncoding=utf8, errorCode 0, state 08S01
com.mysql.jdbc.exceptions.jdbc4.CommunicationsException: Communications link failure

The last packet sent successfully to the server was 0 milliseconds ago. The driver has not received any packets from the server.
	at sun.reflect.NativeConstructorAccessorImpl.newInstance0(Native Method) ~[na:1.8.0_172]
	at sun.reflect.NativeConstructorAccessorImpl.newInstance(NativeConstructorAccessorImpl.java:62) ~[na:1.8.0_172]
	at sun.reflect.DelegatingConstructorAccessorImpl.newInstance(DelegatingConstructorAccessorImpl.java:45) ~[na:1.8.0_172]
	at java.lang.reflect.Constructor.newInstance(Constructor.java:423) ~[na:1.8.0_172]
	at com.mysql.jdbc.Util.handleNewInstance(Util.java:389) ~[mysql-connector-java-5.1.35.jar:5.1.35]
	at com.mysql.jdbc.SQLError.createCommunicationsException(SQLError.java:1038) ~[mysql-connector-java-5.1.35.jar:5.1.35]
	at com.mysql.jdbc.MysqlIO.<init>(MysqlIO.java:338) ~[mysql-connector-java-5.1.35.jar:5.1.35]
	at com.mysql.jdbc.ConnectionImpl.coreConnect(ConnectionImpl.java:2237) ~[mysql-connector-java-5.1.35.jar:5.1.35]
	at com.mysql.jdbc.ConnectionImpl.connectOneTryOnly(ConnectionImpl.java:2270) ~[mysql-connector-java-5.1.35.jar:5.1.35]
	at com.mysql.jdbc.ConnectionImpl.createNewIO(ConnectionImpl.java:2069) ~[mysql-connector-java-5.1.35.jar:5.1.35]
	at com.mysql.jdbc.ConnectionImpl.<init>(ConnectionImpl.java:794) ~[mysql-connector-java-5.1.35.jar:5.1.35]
	at com.mysql.jdbc.JDBC4Connection.<init>(JDBC4Connection.java:44) ~[mysql-connector-java-5.1.35.jar:5.1.35]
	at sun.reflect.NativeConstructorAccessorImpl.newInstance0(Native Method) ~[na:1.8.0_172]
	at sun.reflect.NativeConstructorAccessorImpl.newInstance(NativeConstructorAccessorImpl.java:62) ~[na:1.8.0_172]
	at sun.reflect.DelegatingConstructorAccessorImpl.newInstance(DelegatingConstructorAccessorImpl.java:45) ~[na:1.8.0_172]
	at java.lang.reflect.Constructor.newInstance(Constructor.java:423) ~[na:1.8.0_172]
	at com.mysql.jdbc.Util.handleNewInstance(Util.java:389) ~[mysql-connector-java-5.1.35.jar:5.1.35]
	at com.mysql.jdbc.ConnectionImpl.getInstance(ConnectionImpl.java:399) ~[mysql-connector-java-5.1.35.jar:5.1.35]
	at com.mysql.jdbc.NonRegisteringDriver.connect(NonRegisteringDriver.java:325) ~[mysql-connector-java-5.1.35.jar:5.1.35]
	at com.alibaba.druid.filter.FilterChainImpl.connection_connect(FilterChainImpl.java:149) ~[druid-1.1.9.jar:1.1.9]
	at com.alibaba.druid.filter.stat.StatFilter.connection_connect(StatFilter.java:218) ~[druid-1.1.9.jar:1.1.9]
	at com.alibaba.druid.filter.FilterChainImpl.connection_connect(FilterChainImpl.java:143) ~[druid-1.1.9.jar:1.1.9]
	at com.alibaba.druid.filter.FilterAdapter.connection_connect(FilterAdapter.java:786) ~[druid-1.1.9.jar:1.1.9]
	at com.alibaba.druid.filter.FilterChainImpl.connection_connect(FilterChainImpl.java:143) ~[druid-1.1.9.jar:1.1.9]
	at com.alibaba.druid.pool.DruidAbstractDataSource.createPhysicalConnection(DruidAbstractDataSource.java:1515) ~[druid-1.1.9.jar:1.1.9]
	at com.alibaba.druid.pool.DruidAbstractDataSource.createPhysicalConnection(DruidAbstractDataSource.java:1578) ~[druid-1.1.9.jar:1.1.9]
	at com.alibaba.druid.pool.DruidDataSource$CreateConnectionThread.run(DruidDataSource.java:2466) ~[druid-1.1.9.jar:1.1.9]
Caused by: java.net.ConnectException: Connection refused: connect
	at java.net.DualStackPlainSocketImpl.connect0(Native Method) ~[na:1.8.0_172]
	at java.net.DualStackPlainSocketImpl.socketConnect(DualStackPlainSocketImpl.java:79) ~[na:1.8.0_172]
	at java.net.AbstractPlainSocketImpl.doConnect(AbstractPlainSocketImpl.java:350) ~[na:1.8.0_172]
	at java.net.AbstractPlainSocketImpl.connectToAddress(AbstractPlainSocketImpl.java:206) ~[na:1.8.0_172]
	at java.net.AbstractPlainSocketImpl.connect(AbstractPlainSocketImpl.java:188) ~[na:1.8.0_172]
	at java.net.PlainSocketImpl.connect(PlainSocketImpl.java:172) ~[na:1.8.0_172]
	at java.net.SocksSocketImpl.connect(SocksSocketImpl.java:392) ~[na:1.8.0_172]
	at java.net.Socket.connect(Socket.java:589) ~[na:1.8.0_172]
	at com.mysql.jdbc.StandardSocketFactory.connect(StandardSocketFactory.java:213) ~[mysql-connector-java-5.1.35.jar:5.1.35]
	at com.mysql.jdbc.MysqlIO.<init>(MysqlIO.java:297) ~[mysql-connector-java-5.1.35.jar:5.1.35]
	... 20 common frames omitted
[ERROR] 2019-05-22 19:39:43 [Druid-ConnectionPool-Create-1044117371] c.alibaba.druid.pool.DruidDataSource - create connection SQLException, url: jdbc:mysql://localhost:3306/blogdb?useUnicode=true&characterEncoding=utf8, errorCode 0, state 08S01
com.mysql.jdbc.exceptions.jdbc4.CommunicationsException: Communications link failure

The last packet sent successfully to the server was 0 milliseconds ago. The driver has not received any packets from the server.
	at sun.reflect.NativeConstructorAccessorImpl.newInstance0(Native Method) ~[na:1.8.0_172]
	at sun.reflect.NativeConstructorAccessorImpl.newInstance(NativeConstructorAccessorImpl.java:62) ~[na:1.8.0_172]
	at sun.reflect.DelegatingConstructorAccessorImpl.newInstance(DelegatingConstructorAccessorImpl.java:45) ~[na:1.8.0_172]
	at java.lang.reflect.Constructor.newInstance(Constructor.java:423) ~[na:1.8.0_172]
	at com.mysql.jdbc.Util.handleNewInstance(Util.java:389) ~[mysql-connector-java-5.1.35.jar:5.1.35]
	at com.mysql.jdbc.SQLError.createCommunicationsException(SQLError.java:1038) ~[mysql-connector-java-5.1.35.jar:5.1.35]
	at com.mysql.jdbc.MysqlIO.<init>(MysqlIO.java:338) ~[mysql-connector-java-5.1.35.jar:5.1.35]
	at com.mysql.jdbc.ConnectionImpl.coreConnect(ConnectionImpl.java:2237) ~[mysql-connector-java-5.1.35.jar:5.1.35]
	at com.mysql.jdbc.ConnectionImpl.connectOneTryOnly(ConnectionImpl.java:2270) ~[mysql-connector-java-5.1.35.jar:5.1.35]
	at com.mysql.jdbc.ConnectionImpl.createNewIO(ConnectionImpl.java:2069) ~[mysql-connector-java-5.1.35.jar:5.1.35]
	at com.mysql.jdbc.ConnectionImpl.<init>(ConnectionImpl.java:794) ~[mysql-connector-java-5.1.35.jar:5.1.35]
	at com.mysql.jdbc.JDBC4Connection.<init>(JDBC4Connection.java:44) ~[mysql-connector-java-5.1.35.jar:5.1.35]
	at sun.reflect.NativeConstructorAccessorImpl.newInstance0(Native Method) ~[na:1.8.0_172]
	at sun.reflect.NativeConstructorAccessorImpl.newInstance(NativeConstructorAccessorImpl.java:62) ~[na:1.8.0_172]
	at sun.reflect.DelegatingConstructorAccessorImpl.newInstance(DelegatingConstructorAccessorImpl.java:45) ~[na:1.8.0_172]
	at java.lang.reflect.Constructor.newInstance(Constructor.java:423) ~[na:1.8.0_172]
	at com.mysql.jdbc.Util.handleNewInstance(Util.java:389) ~[mysql-connector-java-5.1.35.jar:5.1.35]
	at com.mysql.jdbc.ConnectionImpl.getInstance(ConnectionImpl.java:399) ~[mysql-connector-java-5.1.35.jar:5.1.35]
	at com.mysql.jdbc.NonRegisteringDriver.connect(NonRegisteringDriver.java:325) ~[mysql-connector-java-5.1.35.jar:5.1.35]
	at com.alibaba.druid.filter.FilterChainImpl.connection_connect(FilterChainImpl.java:149) ~[druid-1.1.9.jar:1.1.9]
	at com.alibaba.druid.filter.stat.StatFilter.connection_connect(StatFilter.java:218) ~[druid-1.1.9.jar:1.1.9]
	at com.alibaba.druid.filter.FilterChainImpl.connection_connect(FilterChainImpl.java:143) ~[druid-1.1.9.jar:1.1.9]
	at com.alibaba.druid.filter.FilterAdapter.connection_connect(FilterAdapter.java:786) ~[druid-1.1.9.jar:1.1.9]
	at com.alibaba.druid.filter.FilterChainImpl.connection_connect(FilterChainImpl.java:143) ~[druid-1.1.9.jar:1.1.9]
	at com.alibaba.druid.pool.DruidAbstractDataSource.createPhysicalConnection(DruidAbstractDataSource.java:1515) ~[druid-1.1.9.jar:1.1.9]
	at com.alibaba.druid.pool.DruidAbstractDataSource.createPhysicalConnection(DruidAbstractDataSource.java:1578) ~[druid-1.1.9.jar:1.1.9]
	at com.alibaba.druid.pool.DruidDataSource$CreateConnectionThread.run(DruidDataSource.java:2466) ~[druid-1.1.9.jar:1.1.9]
Caused by: java.net.ConnectException: Connection refused: connect
	at java.net.DualStackPlainSocketImpl.connect0(Native Method) ~[na:1.8.0_172]
	at java.net.DualStackPlainSocketImpl.socketConnect(DualStackPlainSocketImpl.java:79) ~[na:1.8.0_172]
	at java.net.AbstractPlainSocketImpl.doConnect(AbstractPlainSocketImpl.java:350) ~[na:1.8.0_172]
	at java.net.AbstractPlainSocketImpl.connectToAddress(AbstractPlainSocketImpl.java:206) ~[na:1.8.0_172]
	at java.net.AbstractPlainSocketImpl.connect(AbstractPlainSocketImpl.java:188) ~[na:1.8.0_172]
	at java.net.PlainSocketImpl.connect(PlainSocketImpl.java:172) ~[na:1.8.0_172]
	at java.net.SocksSocketImpl.connect(SocksSocketImpl.java:392) ~[na:1.8.0_172]
	at java.net.Socket.connect(Socket.java:589) ~[na:1.8.0_172]
	at com.mysql.jdbc.StandardSocketFactory.connect(StandardSocketFactory.java:213) ~[mysql-connector-java-5.1.35.jar:5.1.35]
	at com.mysql.jdbc.MysqlIO.<init>(MysqlIO.java:297) ~[mysql-connector-java-5.1.35.jar:5.1.35]
	... 20 common frames omitted
[ERROR] 2019-05-22 19:39:43 [Druid-ConnectionPool-Create-1044117371] c.alibaba.druid.pool.DruidDataSource - create connection SQLException, url: jdbc:mysql://localhost:3306/blogdb?useUnicode=true&characterEncoding=utf8, errorCode 0, state 08S01
com.mysql.jdbc.exceptions.jdbc4.CommunicationsException: Communications link failure

The last packet sent successfully to the server was 0 milliseconds ago. The driver has not received any packets from the server.
	at sun.reflect.NativeConstructorAccessorImpl.newInstance0(Native Method) ~[na:1.8.0_172]
	at sun.reflect.NativeConstructorAccessorImpl.newInstance(NativeConstructorAccessorImpl.java:62) ~[na:1.8.0_172]
	at sun.reflect.DelegatingConstructorAccessorImpl.newInstance(DelegatingConstructorAccessorImpl.java:45) ~[na:1.8.0_172]
	at java.lang.reflect.Constructor.newInstance(Constructor.java:423) ~[na:1.8.0_172]
	at com.mysql.jdbc.Util.handleNewInstance(Util.java:389) ~[mysql-connector-java-5.1.35.jar:5.1.35]
	at com.mysql.jdbc.SQLError.createCommunicationsException(SQLError.java:1038) ~[mysql-connector-java-5.1.35.jar:5.1.35]
	at com.mysql.jdbc.MysqlIO.<init>(MysqlIO.java:338) ~[mysql-connector-java-5.1.35.jar:5.1.35]
	at com.mysql.jdbc.ConnectionImpl.coreConnect(ConnectionImpl.java:2237) ~[mysql-connector-java-5.1.35.jar:5.1.35]
	at com.mysql.jdbc.ConnectionImpl.connectOneTryOnly(ConnectionImpl.java:2270) ~[mysql-connector-java-5.1.35.jar:5.1.35]
	at com.mysql.jdbc.ConnectionImpl.createNewIO(ConnectionImpl.java:2069) ~[mysql-connector-java-5.1.35.jar:5.1.35]
	at com.mysql.jdbc.ConnectionImpl.<init>(ConnectionImpl.java:794) ~[mysql-connector-java-5.1.35.jar:5.1.35]
	at com.mysql.jdbc.JDBC4Connection.<init>(JDBC4Connection.java:44) ~[mysql-connector-java-5.1.35.jar:5.1.35]
	at sun.reflect.NativeConstructorAccessorImpl.newInstance0(Native Method) ~[na:1.8.0_172]
	at sun.reflect.NativeConstructorAccessorImpl.newInstance(NativeConstructorAccessorImpl.java:62) ~[na:1.8.0_172]
	at sun.reflect.DelegatingConstructorAccessorImpl.newInstance(DelegatingConstructorAccessorImpl.java:45) ~[na:1.8.0_172]
	at java.lang.reflect.Constructor.newInstance(Constructor.java:423) ~[na:1.8.0_172]
	at com.mysql.jdbc.Util.handleNewInstance(Util.java:389) ~[mysql-connector-java-5.1.35.jar:5.1.35]
	at com.mysql.jdbc.ConnectionImpl.getInstance(ConnectionImpl.java:399) ~[mysql-connector-java-5.1.35.jar:5.1.35]
	at com.mysql.jdbc.NonRegisteringDriver.connect(NonRegisteringDriver.java:325) ~[mysql-connector-java-5.1.35.jar:5.1.35]
	at com.alibaba.druid.filter.FilterChainImpl.connection_connect(FilterChainImpl.java:149) ~[druid-1.1.9.jar:1.1.9]
	at com.alibaba.druid.filter.stat.StatFilter.connection_connect(StatFilter.java:218) ~[druid-1.1.9.jar:1.1.9]
	at com.alibaba.druid.filter.FilterChainImpl.connection_connect(FilterChainImpl.java:143) ~[druid-1.1.9.jar:1.1.9]
	at com.alibaba.druid.filter.FilterAdapter.connection_connect(FilterAdapter.java:786) ~[druid-1.1.9.jar:1.1.9]
	at com.alibaba.druid.filter.FilterChainImpl.connection_connect(FilterChainImpl.java:143) ~[druid-1.1.9.jar:1.1.9]
	at com.alibaba.druid.pool.DruidAbstractDataSource.createPhysicalConnection(DruidAbstractDataSource.java:1515) ~[druid-1.1.9.jar:1.1.9]
	at com.alibaba.druid.pool.DruidAbstractDataSource.createPhysicalConnection(DruidAbstractDataSource.java:1578) ~[druid-1.1.9.jar:1.1.9]
	at com.alibaba.druid.pool.DruidDataSource$CreateConnectionThread.run(DruidDataSource.java:2466) ~[druid-1.1.9.jar:1.1.9]
Caused by: java.net.ConnectException: Connection refused: connect
	at java.net.DualStackPlainSocketImpl.connect0(Native Method) ~[na:1.8.0_172]
	at java.net.DualStackPlainSocketImpl.socketConnect(DualStackPlainSocketImpl.java:79) ~[na:1.8.0_172]
	at java.net.AbstractPlainSocketImpl.doConnect(AbstractPlainSocketImpl.java:350) ~[na:1.8.0_172]
	at java.net.AbstractPlainSocketImpl.connectToAddress(AbstractPlainSocketImpl.java:206) ~[na:1.8.0_172]
	at java.net.AbstractPlainSocketImpl.connect(AbstractPlainSocketImpl.java:188) ~[na:1.8.0_172]
	at java.net.PlainSocketImpl.connect(PlainSocketImpl.java:172) ~[na:1.8.0_172]
	at java.net.SocksSocketImpl.connect(SocksSocketImpl.java:392) ~[na:1.8.0_172]
	at java.net.Socket.connect(Socket.java:589) ~[na:1.8.0_172]
	at com.mysql.jdbc.StandardSocketFactory.connect(StandardSocketFactory.java:213) ~[mysql-connector-java-5.1.35.jar:5.1.35]
	at com.mysql.jdbc.MysqlIO.<init>(MysqlIO.java:297) ~[mysql-connector-java-5.1.35.jar:5.1.35]
	... 20 common frames omitted
