[ERROR] 2019-05-13 11:34:22 [main] c.alibaba.druid.pool.DruidDataSource - init datasource error, url: jdbc:mysql://localhost:3306/ssm?useUnicode=true&characterEncoding=utf8
java.sql.SQLException: Access denied for user 'root'@'localhost' (using password: YES)
	at com.mysql.jdbc.SQLError.createSQLException(SQLError.java:998) ~[mysql-connector-java-5.1.35.jar:5.1.35]
	at com.mysql.jdbc.MysqlIO.checkErrorPacket(MysqlIO.java:3835) ~[mysql-connector-java-5.1.35.jar:5.1.35]
	at com.mysql.jdbc.MysqlIO.checkErrorPacket(MysqlIO.java:3771) ~[mysql-connector-java-5.1.35.jar:5.1.35]
	at com.mysql.jdbc.MysqlIO.checkErrorPacket(MysqlIO.java:870) ~[mysql-connector-java-5.1.35.jar:5.1.35]
	at com.mysql.jdbc.MysqlIO.proceedHandshakeWithPluggableAuthentication(MysqlIO.java:1659) ~[mysql-connector-java-5.1.35.jar:5.1.35]
	at com.mysql.jdbc.MysqlIO.doHandshake(MysqlIO.java:1206) ~[mysql-connector-java-5.1.35.jar:5.1.35]
	at com.mysql.jdbc.ConnectionImpl.coreConnect(ConnectionImpl.java:2239) ~[mysql-connector-java-5.1.35.jar:5.1.35]
	at com.mysql.jdbc.ConnectionImpl.connectOneTryOnly(ConnectionImpl.java:2270) ~[mysql-connector-java-5.1.35.jar:5.1.35]
	at com.mysql.jdbc.ConnectionImpl.createNewIO(ConnectionImpl.java:2069) ~[mysql-connector-java-5.1.35.jar:5.1.35]
	at com.mysql.jdbc.ConnectionImpl.<init>(ConnectionImpl.java:794) ~[mysql-connector-java-5.1.35.jar:5.1.35]
	at com.mysql.jdbc.JDBC4Connection.<init>(JDBC4Connection.java:44) ~[mysql-connector-java-5.1.35.jar:5.1.35]
	at sun.reflect.NativeConstructorAccessorImpl.newInstance0(Native Method) ~[na:1.8.0_172]
	at sun.reflect.NativeConstructorAccessorImpl.newInstance(NativeConstructorAccessorImpl.java:62) ~[na:1.8.0_172]
	at sun.reflect.DelegatingConstructorAccessorImpl.newInstance(DelegatingConstructorAccessorImpl.java:45) ~[na:1.8.0_172]
	at java.lang.reflect.Constructor.newInstance(Constructor.java:423) ~[na:1.8.0_172]
	at com.mysql.jdbc.Util.handleNewInstance(Util.java:389) ~[mysql-connector-java-5.1.35.jar:5.1.35]
	at com.mysql.jdbc.ConnectionImpl.getInstance(ConnectionImpl.java:399) ~[mysql-connector-java-5.1.35.jar:5.1.35]
	at com.mysql.jdbc.NonRegisteringDriver.connect(NonRegisteringDriver.java:325) ~[mysql-connector-java-5.1.35.jar:5.1.35]
	at com.alibaba.druid.filter.FilterChainImpl.connection_connect(FilterChainImpl.java:149) ~[druid-1.1.9.jar:1.1.9]
	at com.alibaba.druid.filter.stat.StatFilter.connection_connect(StatFilter.java:218) ~[druid-1.1.9.jar:1.1.9]
	at com.alibaba.druid.filter.FilterChainImpl.connection_connect(FilterChainImpl.java:143) ~[druid-1.1.9.jar:1.1.9]
	at com.alibaba.druid.filter.FilterAdapter.connection_connect(FilterAdapter.java:786) ~[druid-1.1.9.jar:1.1.9]
	at com.alibaba.druid.filter.FilterChainImpl.connection_connect(FilterChainImpl.java:143) ~[druid-1.1.9.jar:1.1.9]
	at com.alibaba.druid.pool.DruidAbstractDataSource.createPhysicalConnection(DruidAbstractDataSource.java:1515) ~[druid-1.1.9.jar:1.1.9]
	at com.alibaba.druid.pool.DruidAbstractDataSource.createPhysicalConnection(DruidAbstractDataSource.java:1578) ~[druid-1.1.9.jar:1.1.9]
	at com.alibaba.druid.pool.DruidDataSource.init(DruidDataSource.java:859) ~[druid-1.1.9.jar:1.1.9]
	at sun.reflect.NativeMethodAccessorImpl.invoke0(Native Method) ~[na:1.8.0_172]
	at sun.reflect.NativeMethodAccessorImpl.invoke(NativeMethodAccessorImpl.java:62) ~[na:1.8.0_172]
	at sun.reflect.DelegatingMethodAccessorImpl.invoke(DelegatingMethodAccessorImpl.java:43) ~[na:1.8.0_172]
	at java.lang.reflect.Method.invoke(Method.java:498) ~[na:1.8.0_172]
	at org.springframework.beans.factory.support.AbstractAutowireCapableBeanFactory.invokeCustomInitMethod(AbstractAutowireCapableBeanFactory.java:1681) [spring-beans-4.0.5.RELEASE.jar:4.0.5.RELEASE]
	at org.springframework.beans.factory.support.AbstractAutowireCapableBeanFactory.invokeInitMethods(AbstractAutowireCapableBeanFactory.java:1620) [spring-beans-4.0.5.RELEASE.jar:4.0.5.RELEASE]
	at org.springframework.beans.factory.support.AbstractAutowireCapableBeanFactory.initializeBean(AbstractAutowireCapableBeanFactory.java:1549) [spring-beans-4.0.5.RELEASE.jar:4.0.5.RELEASE]
	at org.springframework.beans.factory.support.AbstractAutowireCapableBeanFactory.doCreateBean(AbstractAutowireCapableBeanFactory.java:539) [spring-beans-4.0.5.RELEASE.jar:4.0.5.RELEASE]
	at org.springframework.beans.factory.support.AbstractAutowireCapableBeanFactory.createBean(AbstractAutowireCapableBeanFactory.java:475) [spring-beans-4.0.5.RELEASE.jar:4.0.5.RELEASE]
	at org.springframework.beans.factory.support.AbstractBeanFactory$1.getObject(AbstractBeanFactory.java:304) [spring-beans-4.0.5.RELEASE.jar:4.0.5.RELEASE]
	at org.springframework.beans.factory.support.DefaultSingletonBeanRegistry.getSingleton(DefaultSingletonBeanRegistry.java:228) [spring-beans-4.0.5.RELEASE.jar:4.0.5.RELEASE]
	at org.springframework.beans.factory.support.AbstractBeanFactory.doGetBean(AbstractBeanFactory.java:300) [spring-beans-4.0.5.RELEASE.jar:4.0.5.RELEASE]
	at org.springframework.beans.factory.support.AbstractBeanFactory.getBean(AbstractBeanFactory.java:195) [spring-beans-4.0.5.RELEASE.jar:4.0.5.RELEASE]
	at org.springframework.beans.factory.support.DefaultListableBeanFactory.preInstantiateSingletons(DefaultListableBeanFactory.java:703) [spring-beans-4.0.5.RELEASE.jar:4.0.5.RELEASE]
	at org.springframework.context.support.AbstractApplicationContext.finishBeanFactoryInitialization(AbstractApplicationContext.java:760) [spring-context-4.0.5.RELEASE.jar:4.0.5.RELEASE]
	at org.springframework.context.support.AbstractApplicationContext.refresh(AbstractApplicationContext.java:482) [spring-context-4.0.5.RELEASE.jar:4.0.5.RELEASE]
	at org.springframework.web.context.ContextLoader.configureAndRefreshWebApplicationContext(ContextLoader.java:403) [spring-web-4.0.5.RELEASE.jar:4.0.5.RELEASE]
	at org.springframework.web.context.ContextLoader.initWebApplicationContext(ContextLoader.java:306) [spring-web-4.0.5.RELEASE.jar:4.0.5.RELEASE]
	at org.springframework.web.context.ContextLoaderListener.contextInitialized(ContextLoaderListener.java:106) [spring-web-4.0.5.RELEASE.jar:4.0.5.RELEASE]
	at org.apache.catalina.core.StandardContext.listenerStart(StandardContext.java:4135) [catalina-6.0.29.jar:6.0.29]
	at org.apache.catalina.core.StandardContext.start(StandardContext.java:4630) [catalina-6.0.29.jar:6.0.29]
	at org.apache.catalina.core.ContainerBase.start(ContainerBase.java:1045) [catalina-6.0.29.jar:6.0.29]
	at org.apache.catalina.core.StandardHost.start(StandardHost.java:785) [catalina-6.0.29.jar:6.0.29]
	at org.apache.catalina.core.ContainerBase.start(ContainerBase.java:1045) [catalina-6.0.29.jar:6.0.29]
	at org.apache.catalina.core.StandardEngine.start(StandardEngine.java:445) [catalina-6.0.29.jar:6.0.29]
	at org.apache.catalina.startup.Embedded.start(Embedded.java:825) [catalina-6.0.29.jar:6.0.29]
	at org.codehaus.mojo.tomcat.AbstractRunMojo.startContainer(AbstractRunMojo.java:558) [tomcat-maven-plugin-1.1.jar:na]
	at org.codehaus.mojo.tomcat.AbstractRunMojo.execute(AbstractRunMojo.java:255) [tomcat-maven-plugin-1.1.jar:na]
	at org.apache.maven.plugin.DefaultBuildPluginManager.executeMojo(DefaultBuildPluginManager.java:134) [maven-core-3.3.9.jar:3.3.9]
	at org.apache.maven.lifecycle.internal.MojoExecutor.execute(MojoExecutor.java:207) [maven-core-3.3.9.jar:3.3.9]
	at org.apache.maven.lifecycle.internal.MojoExecutor.execute(MojoExecutor.java:153) [maven-core-3.3.9.jar:3.3.9]
	at org.apache.maven.lifecycle.internal.MojoExecutor.execute(MojoExecutor.java:145) [maven-core-3.3.9.jar:3.3.9]
	at org.apache.maven.lifecycle.internal.LifecycleModuleBuilder.buildProject(LifecycleModuleBuilder.java:116) [maven-core-3.3.9.jar:3.3.9]
	at org.apache.maven.lifecycle.internal.LifecycleModuleBuilder.buildProject(LifecycleModuleBuilder.java:80) [maven-core-3.3.9.jar:3.3.9]
	at org.apache.maven.lifecycle.internal.builder.singlethreaded.SingleThreadedBuilder.build(SingleThreadedBuilder.java:51) [maven-core-3.3.9.jar:3.3.9]
	at org.apache.maven.lifecycle.internal.LifecycleStarter.execute(LifecycleStarter.java:128) [maven-core-3.3.9.jar:3.3.9]
	at org.apache.maven.DefaultMaven.doExecute(DefaultMaven.java:307) [maven-core-3.3.9.jar:3.3.9]
	at org.apache.maven.DefaultMaven.doExecute(DefaultMaven.java:193) [maven-core-3.3.9.jar:3.3.9]
	at org.apache.maven.DefaultMaven.execute(DefaultMaven.java:106) [maven-core-3.3.9.jar:3.3.9]
	at org.apache.maven.cli.MavenCli.execute(MavenCli.java:863) [maven-embedder-3.3.9.jar:3.3.9]
	at org.apache.maven.cli.MavenCli.doMain(MavenCli.java:288) [maven-embedder-3.3.9.jar:3.3.9]
	at org.apache.maven.cli.MavenCli.main(MavenCli.java:199) [maven-embedder-3.3.9.jar:3.3.9]
	at sun.reflect.NativeMethodAccessorImpl.invoke0(Native Method) ~[na:1.8.0_172]
	at sun.reflect.NativeMethodAccessorImpl.invoke(NativeMethodAccessorImpl.java:62) ~[na:1.8.0_172]
	at sun.reflect.DelegatingMethodAccessorImpl.invoke(DelegatingMethodAccessorImpl.java:43) ~[na:1.8.0_172]
	at java.lang.reflect.Method.invoke(Method.java:498) ~[na:1.8.0_172]
	at org.codehaus.plexus.classworlds.launcher.Launcher.launchEnhanced(Launcher.java:289) [plexus-classworlds-2.5.2.jar:na]
	at org.codehaus.plexus.classworlds.launcher.Launcher.launch(Launcher.java:229) [plexus-classworlds-2.5.2.jar:na]
	at org.codehaus.plexus.classworlds.launcher.Launcher.mainWithExitCode(Launcher.java:415) [plexus-classworlds-2.5.2.jar:na]
	at org.codehaus.plexus.classworlds.launcher.Launcher.main(Launcher.java:356) [plexus-classworlds-2.5.2.jar:na]
	at org.codehaus.classworlds.Launcher.main(Launcher.java:47) [plexus-classworlds-2.5.2.jar:na]
[ERROR] 2019-05-13 11:34:22 [main] c.alibaba.druid.pool.DruidDataSource - {dataSource-1} init error
java.sql.SQLException: Access denied for user 'root'@'localhost' (using password: YES)
	at com.mysql.jdbc.SQLError.createSQLException(SQLError.java:998) ~[mysql-connector-java-5.1.35.jar:5.1.35]
	at com.mysql.jdbc.MysqlIO.checkErrorPacket(MysqlIO.java:3835) ~[mysql-connector-java-5.1.35.jar:5.1.35]
	at com.mysql.jdbc.MysqlIO.checkErrorPacket(MysqlIO.java:3771) ~[mysql-connector-java-5.1.35.jar:5.1.35]
	at com.mysql.jdbc.MysqlIO.checkErrorPacket(MysqlIO.java:870) ~[mysql-connector-java-5.1.35.jar:5.1.35]
	at com.mysql.jdbc.MysqlIO.proceedHandshakeWithPluggableAuthentication(MysqlIO.java:1659) ~[mysql-connector-java-5.1.35.jar:5.1.35]
	at com.mysql.jdbc.MysqlIO.doHandshake(MysqlIO.java:1206) ~[mysql-connector-java-5.1.35.jar:5.1.35]
	at com.mysql.jdbc.ConnectionImpl.coreConnect(ConnectionImpl.java:2239) ~[mysql-connector-java-5.1.35.jar:5.1.35]
	at com.mysql.jdbc.ConnectionImpl.connectOneTryOnly(ConnectionImpl.java:2270) ~[mysql-connector-java-5.1.35.jar:5.1.35]
	at com.mysql.jdbc.ConnectionImpl.createNewIO(ConnectionImpl.java:2069) ~[mysql-connector-java-5.1.35.jar:5.1.35]
	at com.mysql.jdbc.ConnectionImpl.<init>(ConnectionImpl.java:794) ~[mysql-connector-java-5.1.35.jar:5.1.35]
	at com.mysql.jdbc.JDBC4Connection.<init>(JDBC4Connection.java:44) ~[mysql-connector-java-5.1.35.jar:5.1.35]
	at sun.reflect.NativeConstructorAccessorImpl.newInstance0(Native Method) ~[na:1.8.0_172]
	at sun.reflect.NativeConstructorAccessorImpl.newInstance(NativeConstructorAccessorImpl.java:62) ~[na:1.8.0_172]
	at sun.reflect.DelegatingConstructorAccessorImpl.newInstance(DelegatingConstructorAccessorImpl.java:45) ~[na:1.8.0_172]
	at java.lang.reflect.Constructor.newInstance(Constructor.java:423) ~[na:1.8.0_172]
	at com.mysql.jdbc.Util.handleNewInstance(Util.java:389) ~[mysql-connector-java-5.1.35.jar:5.1.35]
	at com.mysql.jdbc.ConnectionImpl.getInstance(ConnectionImpl.java:399) ~[mysql-connector-java-5.1.35.jar:5.1.35]
	at com.mysql.jdbc.NonRegisteringDriver.connect(NonRegisteringDriver.java:325) ~[mysql-connector-java-5.1.35.jar:5.1.35]
	at com.alibaba.druid.filter.FilterChainImpl.connection_connect(FilterChainImpl.java:149) ~[druid-1.1.9.jar:1.1.9]
	at com.alibaba.druid.filter.stat.StatFilter.connection_connect(StatFilter.java:218) ~[druid-1.1.9.jar:1.1.9]
	at com.alibaba.druid.filter.FilterChainImpl.connection_connect(FilterChainImpl.java:143) ~[druid-1.1.9.jar:1.1.9]
	at com.alibaba.druid.filter.FilterAdapter.connection_connect(FilterAdapter.java:786) ~[druid-1.1.9.jar:1.1.9]
	at com.alibaba.druid.filter.FilterChainImpl.connection_connect(FilterChainImpl.java:143) ~[druid-1.1.9.jar:1.1.9]
	at com.alibaba.druid.pool.DruidAbstractDataSource.createPhysicalConnection(DruidAbstractDataSource.java:1515) ~[druid-1.1.9.jar:1.1.9]
	at com.alibaba.druid.pool.DruidAbstractDataSource.createPhysicalConnection(DruidAbstractDataSource.java:1578) ~[druid-1.1.9.jar:1.1.9]
	at com.alibaba.druid.pool.DruidDataSource.init(DruidDataSource.java:859) ~[druid-1.1.9.jar:1.1.9]
	at sun.reflect.NativeMethodAccessorImpl.invoke0(Native Method) ~[na:1.8.0_172]
	at sun.reflect.NativeMethodAccessorImpl.invoke(NativeMethodAccessorImpl.java:62) ~[na:1.8.0_172]
	at sun.reflect.DelegatingMethodAccessorImpl.invoke(DelegatingMethodAccessorImpl.java:43) ~[na:1.8.0_172]
	at java.lang.reflect.Method.invoke(Method.java:498) ~[na:1.8.0_172]
	at org.springframework.beans.factory.support.AbstractAutowireCapableBeanFactory.invokeCustomInitMethod(AbstractAutowireCapableBeanFactory.java:1681) [spring-beans-4.0.5.RELEASE.jar:4.0.5.RELEASE]
	at org.springframework.beans.factory.support.AbstractAutowireCapableBeanFactory.invokeInitMethods(AbstractAutowireCapableBeanFactory.java:1620) [spring-beans-4.0.5.RELEASE.jar:4.0.5.RELEASE]
	at org.springframework.beans.factory.support.AbstractAutowireCapableBeanFactory.initializeBean(AbstractAutowireCapableBeanFactory.java:1549) [spring-beans-4.0.5.RELEASE.jar:4.0.5.RELEASE]
	at org.springframework.beans.factory.support.AbstractAutowireCapableBeanFactory.doCreateBean(AbstractAutowireCapableBeanFactory.java:539) [spring-beans-4.0.5.RELEASE.jar:4.0.5.RELEASE]
	at org.springframework.beans.factory.support.AbstractAutowireCapableBeanFactory.createBean(AbstractAutowireCapableBeanFactory.java:475) [spring-beans-4.0.5.RELEASE.jar:4.0.5.RELEASE]
	at org.springframework.beans.factory.support.AbstractBeanFactory$1.getObject(AbstractBeanFactory.java:304) [spring-beans-4.0.5.RELEASE.jar:4.0.5.RELEASE]
	at org.springframework.beans.factory.support.DefaultSingletonBeanRegistry.getSingleton(DefaultSingletonBeanRegistry.java:228) [spring-beans-4.0.5.RELEASE.jar:4.0.5.RELEASE]
	at org.springframework.beans.factory.support.AbstractBeanFactory.doGetBean(AbstractBeanFactory.java:300) [spring-beans-4.0.5.RELEASE.jar:4.0.5.RELEASE]
	at org.springframework.beans.factory.support.AbstractBeanFactory.getBean(AbstractBeanFactory.java:195) [spring-beans-4.0.5.RELEASE.jar:4.0.5.RELEASE]
	at org.springframework.beans.factory.support.DefaultListableBeanFactory.preInstantiateSingletons(DefaultListableBeanFactory.java:703) [spring-beans-4.0.5.RELEASE.jar:4.0.5.RELEASE]
	at org.springframework.context.support.AbstractApplicationContext.finishBeanFactoryInitialization(AbstractApplicationContext.java:760) [spring-context-4.0.5.RELEASE.jar:4.0.5.RELEASE]
	at org.springframework.context.support.AbstractApplicationContext.refresh(AbstractApplicationContext.java:482) [spring-context-4.0.5.RELEASE.jar:4.0.5.RELEASE]
	at org.springframework.web.context.ContextLoader.configureAndRefreshWebApplicationContext(ContextLoader.java:403) [spring-web-4.0.5.RELEASE.jar:4.0.5.RELEASE]
	at org.springframework.web.context.ContextLoader.initWebApplicationContext(ContextLoader.java:306) [spring-web-4.0.5.RELEASE.jar:4.0.5.RELEASE]
	at org.springframework.web.context.ContextLoaderListener.contextInitialized(ContextLoaderListener.java:106) [spring-web-4.0.5.RELEASE.jar:4.0.5.RELEASE]
	at org.apache.catalina.core.StandardContext.listenerStart(StandardContext.java:4135) [catalina-6.0.29.jar:6.0.29]
	at org.apache.catalina.core.StandardContext.start(StandardContext.java:4630) [catalina-6.0.29.jar:6.0.29]
	at org.apache.catalina.core.ContainerBase.start(ContainerBase.java:1045) [catalina-6.0.29.jar:6.0.29]
	at org.apache.catalina.core.StandardHost.start(StandardHost.java:785) [catalina-6.0.29.jar:6.0.29]
	at org.apache.catalina.core.ContainerBase.start(ContainerBase.java:1045) [catalina-6.0.29.jar:6.0.29]
	at org.apache.catalina.core.StandardEngine.start(StandardEngine.java:445) [catalina-6.0.29.jar:6.0.29]
	at org.apache.catalina.startup.Embedded.start(Embedded.java:825) [catalina-6.0.29.jar:6.0.29]
	at org.codehaus.mojo.tomcat.AbstractRunMojo.startContainer(AbstractRunMojo.java:558) [tomcat-maven-plugin-1.1.jar:na]
	at org.codehaus.mojo.tomcat.AbstractRunMojo.execute(AbstractRunMojo.java:255) [tomcat-maven-plugin-1.1.jar:na]
	at org.apache.maven.plugin.DefaultBuildPluginManager.executeMojo(DefaultBuildPluginManager.java:134) [maven-core-3.3.9.jar:3.3.9]
	at org.apache.maven.lifecycle.internal.MojoExecutor.execute(MojoExecutor.java:207) [maven-core-3.3.9.jar:3.3.9]
	at org.apache.maven.lifecycle.internal.MojoExecutor.execute(MojoExecutor.java:153) [maven-core-3.3.9.jar:3.3.9]
	at org.apache.maven.lifecycle.internal.MojoExecutor.execute(MojoExecutor.java:145) [maven-core-3.3.9.jar:3.3.9]
	at org.apache.maven.lifecycle.internal.LifecycleModuleBuilder.buildProject(LifecycleModuleBuilder.java:116) [maven-core-3.3.9.jar:3.3.9]
	at org.apache.maven.lifecycle.internal.LifecycleModuleBuilder.buildProject(LifecycleModuleBuilder.java:80) [maven-core-3.3.9.jar:3.3.9]
	at org.apache.maven.lifecycle.internal.builder.singlethreaded.SingleThreadedBuilder.build(SingleThreadedBuilder.java:51) [maven-core-3.3.9.jar:3.3.9]
	at org.apache.maven.lifecycle.internal.LifecycleStarter.execute(LifecycleStarter.java:128) [maven-core-3.3.9.jar:3.3.9]
	at org.apache.maven.DefaultMaven.doExecute(DefaultMaven.java:307) [maven-core-3.3.9.jar:3.3.9]
	at org.apache.maven.DefaultMaven.doExecute(DefaultMaven.java:193) [maven-core-3.3.9.jar:3.3.9]
	at org.apache.maven.DefaultMaven.execute(DefaultMaven.java:106) [maven-core-3.3.9.jar:3.3.9]
	at org.apache.maven.cli.MavenCli.execute(MavenCli.java:863) [maven-embedder-3.3.9.jar:3.3.9]
	at org.apache.maven.cli.MavenCli.doMain(MavenCli.java:288) [maven-embedder-3.3.9.jar:3.3.9]
	at org.apache.maven.cli.MavenCli.main(MavenCli.java:199) [maven-embedder-3.3.9.jar:3.3.9]
	at sun.reflect.NativeMethodAccessorImpl.invoke0(Native Method) ~[na:1.8.0_172]
	at sun.reflect.NativeMethodAccessorImpl.invoke(NativeMethodAccessorImpl.java:62) ~[na:1.8.0_172]
	at sun.reflect.DelegatingMethodAccessorImpl.invoke(DelegatingMethodAccessorImpl.java:43) ~[na:1.8.0_172]
	at java.lang.reflect.Method.invoke(Method.java:498) ~[na:1.8.0_172]
	at org.codehaus.plexus.classworlds.launcher.Launcher.launchEnhanced(Launcher.java:289) [plexus-classworlds-2.5.2.jar:na]
	at org.codehaus.plexus.classworlds.launcher.Launcher.launch(Launcher.java:229) [plexus-classworlds-2.5.2.jar:na]
	at org.codehaus.plexus.classworlds.launcher.Launcher.mainWithExitCode(Launcher.java:415) [plexus-classworlds-2.5.2.jar:na]
	at org.codehaus.plexus.classworlds.launcher.Launcher.main(Launcher.java:356) [plexus-classworlds-2.5.2.jar:na]
	at org.codehaus.classworlds.Launcher.main(Launcher.java:47) [plexus-classworlds-2.5.2.jar:na]
[ERROR] 2019-05-13 11:34:22 [Druid-ConnectionPool-Create-1483050851] c.alibaba.druid.pool.DruidDataSource - create connection SQLException, url: jdbc:mysql://localhost:3306/ssm?useUnicode=true&characterEncoding=utf8, errorCode 1045, state 28000
java.sql.SQLException: Access denied for user 'root'@'localhost' (using password: YES)
	at com.mysql.jdbc.SQLError.createSQLException(SQLError.java:998) ~[mysql-connector-java-5.1.35.jar:5.1.35]
	at com.mysql.jdbc.MysqlIO.checkErrorPacket(MysqlIO.java:3835) ~[mysql-connector-java-5.1.35.jar:5.1.35]
	at com.mysql.jdbc.MysqlIO.checkErrorPacket(MysqlIO.java:3771) ~[mysql-connector-java-5.1.35.jar:5.1.35]
	at com.mysql.jdbc.MysqlIO.checkErrorPacket(MysqlIO.java:870) ~[mysql-connector-java-5.1.35.jar:5.1.35]
	at com.mysql.jdbc.MysqlIO.proceedHandshakeWithPluggableAuthentication(MysqlIO.java:1659) ~[mysql-connector-java-5.1.35.jar:5.1.35]
	at com.mysql.jdbc.MysqlIO.doHandshake(MysqlIO.java:1206) ~[mysql-connector-java-5.1.35.jar:5.1.35]
	at com.mysql.jdbc.ConnectionImpl.coreConnect(ConnectionImpl.java:2239) ~[mysql-connector-java-5.1.35.jar:5.1.35]
	at com.mysql.jdbc.ConnectionImpl.connectOneTryOnly(ConnectionImpl.java:2270) ~[mysql-connector-java-5.1.35.jar:5.1.35]
	at com.mysql.jdbc.ConnectionImpl.createNewIO(ConnectionImpl.java:2069) ~[mysql-connector-java-5.1.35.jar:5.1.35]
	at com.mysql.jdbc.ConnectionImpl.<init>(ConnectionImpl.java:794) ~[mysql-connector-java-5.1.35.jar:5.1.35]
	at com.mysql.jdbc.JDBC4Connection.<init>(JDBC4Connection.java:44) ~[mysql-connector-java-5.1.35.jar:5.1.35]
	at sun.reflect.NativeConstructorAccessorImpl.newInstance0(Native Method) ~[na:1.8.0_172]
	at sun.reflect.NativeConstructorAccessorImpl.newInstance(NativeConstructorAccessorImpl.java:62) ~[na:1.8.0_172]
	at sun.reflect.DelegatingConstructorAccessorImpl.newInstance(DelegatingConstructorAccessorImpl.java:45) ~[na:1.8.0_172]
	at java.lang.reflect.Constructor.newInstance(Constructor.java:423) ~[na:1.8.0_172]
	at com.mysql.jdbc.Util.handleNewInstance(Util.java:389) ~[mysql-connector-java-5.1.35.jar:5.1.35]
	at com.mysql.jdbc.ConnectionImpl.getInstance(ConnectionImpl.java:399) ~[mysql-connector-java-5.1.35.jar:5.1.35]
	at com.mysql.jdbc.NonRegisteringDriver.connect(NonRegisteringDriver.java:325) ~[mysql-connector-java-5.1.35.jar:5.1.35]
	at com.alibaba.druid.filter.FilterChainImpl.connection_connect(FilterChainImpl.java:149) ~[druid-1.1.9.jar:1.1.9]
	at com.alibaba.druid.filter.stat.StatFilter.connection_connect(StatFilter.java:218) ~[druid-1.1.9.jar:1.1.9]
	at com.alibaba.druid.filter.FilterChainImpl.connection_connect(FilterChainImpl.java:143) ~[druid-1.1.9.jar:1.1.9]
	at com.alibaba.druid.filter.FilterAdapter.connection_connect(FilterAdapter.java:786) ~[druid-1.1.9.jar:1.1.9]
	at com.alibaba.druid.filter.FilterChainImpl.connection_connect(FilterChainImpl.java:143) ~[druid-1.1.9.jar:1.1.9]
	at com.alibaba.druid.pool.DruidAbstractDataSource.createPhysicalConnection(DruidAbstractDataSource.java:1515) ~[druid-1.1.9.jar:1.1.9]
	at com.alibaba.druid.pool.DruidAbstractDataSource.createPhysicalConnection(DruidAbstractDataSource.java:1578) ~[druid-1.1.9.jar:1.1.9]
	at com.alibaba.druid.pool.DruidDataSource$CreateConnectionThread.run(DruidDataSource.java:2466) ~[druid-1.1.9.jar:1.1.9]
[ERROR] 2019-05-13 11:34:22 [Druid-ConnectionPool-Create-1483050851] c.alibaba.druid.pool.DruidDataSource - create connection SQLException, url: jdbc:mysql://localhost:3306/ssm?useUnicode=true&characterEncoding=utf8, errorCode 1045, state 28000
java.sql.SQLException: Access denied for user 'root'@'localhost' (using password: YES)
	at com.mysql.jdbc.SQLError.createSQLException(SQLError.java:998) ~[mysql-connector-java-5.1.35.jar:5.1.35]
	at com.mysql.jdbc.MysqlIO.checkErrorPacket(MysqlIO.java:3835) ~[mysql-connector-java-5.1.35.jar:5.1.35]
	at com.mysql.jdbc.MysqlIO.checkErrorPacket(MysqlIO.java:3771) ~[mysql-connector-java-5.1.35.jar:5.1.35]
	at com.mysql.jdbc.MysqlIO.checkErrorPacket(MysqlIO.java:870) ~[mysql-connector-java-5.1.35.jar:5.1.35]
	at com.mysql.jdbc.MysqlIO.proceedHandshakeWithPluggableAuthentication(MysqlIO.java:1659) ~[mysql-connector-java-5.1.35.jar:5.1.35]
	at com.mysql.jdbc.MysqlIO.doHandshake(MysqlIO.java:1206) ~[mysql-connector-java-5.1.35.jar:5.1.35]
	at com.mysql.jdbc.ConnectionImpl.coreConnect(ConnectionImpl.java:2239) ~[mysql-connector-java-5.1.35.jar:5.1.35]
	at com.mysql.jdbc.ConnectionImpl.connectOneTryOnly(ConnectionImpl.java:2270) ~[mysql-connector-java-5.1.35.jar:5.1.35]
	at com.mysql.jdbc.ConnectionImpl.createNewIO(ConnectionImpl.java:2069) ~[mysql-connector-java-5.1.35.jar:5.1.35]
	at com.mysql.jdbc.ConnectionImpl.<init>(ConnectionImpl.java:794) ~[mysql-connector-java-5.1.35.jar:5.1.35]
	at com.mysql.jdbc.JDBC4Connection.<init>(JDBC4Connection.java:44) ~[mysql-connector-java-5.1.35.jar:5.1.35]
	at sun.reflect.NativeConstructorAccessorImpl.newInstance0(Native Method) ~[na:1.8.0_172]
	at sun.reflect.NativeConstructorAccessorImpl.newInstance(NativeConstructorAccessorImpl.java:62) ~[na:1.8.0_172]
	at sun.reflect.DelegatingConstructorAccessorImpl.newInstance(DelegatingConstructorAccessorImpl.java:45) ~[na:1.8.0_172]
	at java.lang.reflect.Constructor.newInstance(Constructor.java:423) ~[na:1.8.0_172]
	at com.mysql.jdbc.Util.handleNewInstance(Util.java:389) ~[mysql-connector-java-5.1.35.jar:5.1.35]
	at com.mysql.jdbc.ConnectionImpl.getInstance(ConnectionImpl.java:399) ~[mysql-connector-java-5.1.35.jar:5.1.35]
	at com.mysql.jdbc.NonRegisteringDriver.connect(NonRegisteringDriver.java:325) ~[mysql-connector-java-5.1.35.jar:5.1.35]
	at com.alibaba.druid.filter.FilterChainImpl.connection_connect(FilterChainImpl.java:149) ~[druid-1.1.9.jar:1.1.9]
	at com.alibaba.druid.filter.stat.StatFilter.connection_connect(StatFilter.java:218) ~[druid-1.1.9.jar:1.1.9]
	at com.alibaba.druid.filter.FilterChainImpl.connection_connect(FilterChainImpl.java:143) ~[druid-1.1.9.jar:1.1.9]
	at com.alibaba.druid.filter.FilterAdapter.connection_connect(FilterAdapter.java:786) ~[druid-1.1.9.jar:1.1.9]
	at com.alibaba.druid.filter.FilterChainImpl.connection_connect(FilterChainImpl.java:143) ~[druid-1.1.9.jar:1.1.9]
	at com.alibaba.druid.pool.DruidAbstractDataSource.createPhysicalConnection(DruidAbstractDataSource.java:1515) ~[druid-1.1.9.jar:1.1.9]
	at com.alibaba.druid.pool.DruidAbstractDataSource.createPhysicalConnection(DruidAbstractDataSource.java:1578) ~[druid-1.1.9.jar:1.1.9]
	at com.alibaba.druid.pool.DruidDataSource$CreateConnectionThread.run(DruidDataSource.java:2466) ~[druid-1.1.9.jar:1.1.9]
