[DEBUG] 2019-06-01 17:35:35 [http-bio-8080-exec-3] c.m.d.U.selectByPrimaryKey - ooo Using Connection [com.alibaba.druid.proxy.jdbc.ConnectionProxyImpl@17b996ea]
[DEBUG] 2019-06-01 17:35:35 [http-bio-8080-exec-3] c.m.d.U.selectByPrimaryKey - ==>  Preparing: select id, name, age, company from user where id = ? 
[DEBUG] 2019-06-01 17:35:35 [http-bio-8080-exec-3] c.m.d.U.selectByPrimaryKey - ==> Parameters: 1(Integer)
[DEBUG] 2019-06-01 17:35:35 [http-bio-8080-exec-3] c.a.druid.pool.PreparedStatementPool - {conn-10010, pstmt-20000} enter cache
[DEBUG] 2019-06-01 17:35:35 [http-bio-8080-exec-3] com.me.Controller.UserController - com.me.models.User_1@290d146f
[DEBUG] 2019-06-01 17:35:35 [http-bio-8080-exec-6] c.m.d.U.selectByPrimaryKey - ooo Using Connection [com.alibaba.druid.proxy.jdbc.ConnectionProxyImpl@17b996ea]
[DEBUG] 2019-06-01 17:35:35 [http-bio-8080-exec-6] c.m.d.U.selectByPrimaryKey - ==>  Preparing: select id, name, age, company from user where id = ? 
[DEBUG] 2019-06-01 17:35:35 [http-bio-8080-exec-6] c.m.d.U.selectByPrimaryKey - ==> Parameters: 1(Integer)
[DEBUG] 2019-06-01 17:38:46 [http-bio-8080-exec-1] c.m.d.U.selectByPrimaryKey - ooo Using Connection [com.alibaba.druid.proxy.jdbc.ConnectionProxyImpl@5361ee3f]
[DEBUG] 2019-06-01 17:38:46 [http-bio-8080-exec-1] c.m.d.U.selectByPrimaryKey - ==>  Preparing: select id, name, age, company from user where id = ? 
[DEBUG] 2019-06-01 17:38:46 [http-bio-8080-exec-1] c.m.d.U.selectByPrimaryKey - ==> Parameters: 1(Integer)
[DEBUG] 2019-06-01 17:38:46 [http-bio-8080-exec-1] c.a.druid.pool.PreparedStatementPool - {conn-10010, pstmt-20000} enter cache
[DEBUG] 2019-06-01 17:39:25 [http-bio-8080-exec-1] c.m.d.U.selectByPrimaryKey - ooo Using Connection [com.alibaba.druid.proxy.jdbc.ConnectionProxyImpl@47ff42a6]
[DEBUG] 2019-06-01 17:39:25 [http-bio-8080-exec-1] c.m.d.U.selectByPrimaryKey - ==>  Preparing: select id, name, age, company from user where id = ? 
[DEBUG] 2019-06-01 17:39:25 [http-bio-8080-exec-1] c.m.d.U.selectByPrimaryKey - ==> Parameters: 1(Integer)
[DEBUG] 2019-06-01 17:39:25 [http-bio-8080-exec-1] c.a.druid.pool.PreparedStatementPool - {conn-10010, pstmt-20000} enter cache
[DEBUG] 2019-06-01 17:45:58 [http-bio-8080-exec-1] c.m.d.U.selectByPrimaryKey - ooo Using Connection [com.alibaba.druid.proxy.jdbc.ConnectionProxyImpl@41916aba]
[DEBUG] 2019-06-01 17:45:58 [http-bio-8080-exec-1] c.m.d.U.selectByPrimaryKey - ==>  Preparing: select id, name, age, company from user where id = ? 
[DEBUG] 2019-06-01 17:45:58 [http-bio-8080-exec-1] c.m.d.U.selectByPrimaryKey - ==> Parameters: 1(Integer)
[DEBUG] 2019-06-01 17:45:58 [http-bio-8080-exec-1] c.a.druid.pool.PreparedStatementPool - {conn-10010, pstmt-20000} enter cache
[DEBUG] 2019-06-01 17:45:58 [http-bio-8080-exec-3] c.m.d.U.selectByPrimaryKey - ooo Using Connection [com.alibaba.druid.proxy.jdbc.ConnectionProxyImpl@41916aba]
[DEBUG] 2019-06-01 17:45:58 [http-bio-8080-exec-3] c.m.d.U.selectByPrimaryKey - ==>  Preparing: select id, name, age, company from user where id = ? 
[DEBUG] 2019-06-01 17:45:58 [http-bio-8080-exec-3] c.m.d.U.selectByPrimaryKey - ==> Parameters: 1(Integer)
[DEBUG] 2019-06-01 17:45:58 [http-bio-8080-exec-3] com.me.Controller.UserController - com.me.models.User_1@df8ddee
[DEBUG] 2019-06-01 17:47:53 [http-bio-8080-exec-1] c.m.dao.User_1Mapper.insertSelective - ooo Using Connection [com.alibaba.druid.proxy.jdbc.ConnectionProxyImpl@6daf3aa5]
[DEBUG] 2019-06-01 17:47:53 [http-bio-8080-exec-1] c.m.dao.User_1Mapper.insertSelective - ==>  Preparing: insert into user ( id ) values ( ? ) 
[DEBUG] 2019-06-01 17:47:53 [http-bio-8080-exec-1] c.m.dao.User_1Mapper.insertSelective - ==> Parameters: 1(Integer)
[DEBUG] 2019-06-01 17:47:53 [http-bio-8080-exec-1] c.a.druid.pool.PreparedStatementPool - {conn-10010, pstmt-20000} exit cache
[DEBUG] 2019-06-01 17:49:14 [http-bio-8080-exec-1] c.m.dao.User_1Mapper.insertSelective - ooo Using Connection [com.alibaba.druid.proxy.jdbc.ConnectionProxyImpl@45575e7d]
[DEBUG] 2019-06-01 17:49:14 [http-bio-8080-exec-1] c.m.dao.User_1Mapper.insertSelective - ==>  Preparing: insert into user ( id ) values ( ? ) 
[DEBUG] 2019-06-01 17:49:14 [http-bio-8080-exec-1] c.m.dao.User_1Mapper.insertSelective - ==> Parameters: 1(Integer)
[DEBUG] 2019-06-01 17:49:14 [http-bio-8080-exec-1] c.a.druid.pool.PreparedStatementPool - {conn-10010, pstmt-20000} exit cache
[DEBUG] 2019-06-01 17:49:14 [http-bio-8080-exec-3] c.m.d.U.selectByPrimaryKey - ooo Using Connection [com.alibaba.druid.proxy.jdbc.ConnectionProxyImpl@45575e7d]
[DEBUG] 2019-06-01 17:49:14 [http-bio-8080-exec-3] c.m.d.U.selectByPrimaryKey - ==>  Preparing: select id, name, age, company from user where id = ? 
[DEBUG] 2019-06-01 17:49:14 [http-bio-8080-exec-3] c.m.d.U.selectByPrimaryKey - ==> Parameters: 1(Integer)
[DEBUG] 2019-06-01 17:49:14 [http-bio-8080-exec-3] c.a.druid.pool.PreparedStatementPool - {conn-10010, pstmt-20001} enter cache
